

Started GET "/listing_queries/create" for 127.0.0.1 at 2012-12-31 17:11:22 -0800

ActionController::RoutingError (No route matches [GET] "/listing_queries/create"):
  actionpack (3.2.5) lib/action_dispatch/middleware/debug_exceptions.rb:21:in `call'
  actionpack (3.2.5) lib/action_dispatch/middleware/show_exceptions.rb:56:in `call'
  railties (3.2.5) lib/rails/rack/logger.rb:26:in `call_app'
  railties (3.2.5) lib/rails/rack/logger.rb:16:in `call'
  actionpack (3.2.5) lib/action_dispatch/middleware/request_id.rb:22:in `call'
  rack (1.4.1) lib/rack/methodoverride.rb:21:in `call'
  rack (1.4.1) lib/rack/runtime.rb:17:in `call'
  activesupport (3.2.5) lib/active_support/cache/strategy/local_cache.rb:72:in `call'
  rack (1.4.1) lib/rack/lock.rb:15:in `call'
  actionpack (3.2.5) lib/action_dispatch/middleware/static.rb:62:in `call'
  railties (3.2.5) lib/rails/engine.rb:479:in `call'
  railties (3.2.5) lib/rails/application.rb:220:in `call'
  rack (1.4.1) lib/rack/content_length.rb:14:in `call'
  railties (3.2.5) lib/rails/rack/log_tailer.rb:17:in `call'
  rack (1.4.1) lib/rack/handler/webrick.rb:59:in `service'
  /home/move/.rvm/rubies/ruby-1.9.3-p194/lib/ruby/1.9.1/webrick/httpserver.rb:138:in `service'
  /home/move/.rvm/rubies/ruby-1.9.3-p194/lib/ruby/1.9.1/webrick/httpserver.rb:94:in `run'
  /home/move/.rvm/rubies/ruby-1.9.3-p194/lib/ruby/1.9.1/webrick/server.rb:191:in `block in start_thread'


  Rendered /home/move/.rvm/gems/ruby-1.9.3-p194@move/gems/actionpack-3.2.5/lib/action_dispatch/middleware/templates/rescues/routing_error.erb within rescues/layout (28.5ms)


Started GET "/ESWResources/listing_queries/create" for 127.0.0.1 at 2012-12-31 17:13:11 -0800

ActionController::RoutingError (No route matches [GET] "/ESWResources/listing_queries/create"):
  actionpack (3.2.5) lib/action_dispatch/middleware/debug_exceptions.rb:21:in `call'
  actionpack (3.2.5) lib/action_dispatch/middleware/show_exceptions.rb:56:in `call'
  railties (3.2.5) lib/rails/rack/logger.rb:26:in `call_app'
  railties (3.2.5) lib/rails/rack/logger.rb:16:in `call'
  actionpack (3.2.5) lib/action_dispatch/middleware/request_id.rb:22:in `call'
  rack (1.4.1) lib/rack/methodoverride.rb:21:in `call'
  rack (1.4.1) lib/rack/runtime.rb:17:in `call'
  activesupport (3.2.5) lib/active_support/cache/strategy/local_cache.rb:72:in `call'
  rack (1.4.1) lib/rack/lock.rb:15:in `call'
  actionpack (3.2.5) lib/action_dispatch/middleware/static.rb:62:in `call'
  railties (3.2.5) lib/rails/engine.rb:479:in `call'
  railties (3.2.5) lib/rails/application.rb:220:in `call'
  rack (1.4.1) lib/rack/content_length.rb:14:in `call'
  railties (3.2.5) lib/rails/rack/log_tailer.rb:17:in `call'
  rack (1.4.1) lib/rack/handler/webrick.rb:59:in `service'
  /home/move/.rvm/rubies/ruby-1.9.3-p194/lib/ruby/1.9.1/webrick/httpserver.rb:138:in `service'
  /home/move/.rvm/rubies/ruby-1.9.3-p194/lib/ruby/1.9.1/webrick/httpserver.rb:94:in `run'
  /home/move/.rvm/rubies/ruby-1.9.3-p194/lib/ruby/1.9.1/webrick/server.rb:191:in `block in start_thread'


  Rendered /home/move/.rvm/gems/ruby-1.9.3-p194@move/gems/actionpack-3.2.5/lib/action_dispatch/middleware/templates/rescues/routing_error.erb within rescues/layout (4.2ms)


Started POST "/listing_queries/create" for 127.0.0.1 at 2012-12-31 17:57:51 -0800

LoadError (cannot load such file -- ansi/code):
  app/models/listing_query.rb:5:in `<top (required)>'
  app/controllers/listing_queries_controller.rb:1:in `<top (required)>'


  Rendered /home/move/.rvm/gems/ruby-1.9.3-p194@move/gems/actionpack-3.2.5/lib/action_dispatch/middleware/templates/rescues/_trace.erb (27.5ms)
  Rendered /home/move/.rvm/gems/ruby-1.9.3-p194@move/gems/actionpack-3.2.5/lib/action_dispatch/middleware/templates/rescues/_request_and_response.erb (34.0ms)
  Rendered /home/move/.rvm/gems/ruby-1.9.3-p194@move/gems/actionpack-3.2.5/lib/action_dispatch/middleware/templates/rescues/diagnostics.erb within rescues/layout (131.8ms)


Started POST "/listing_queries/create" for 127.0.0.1 at 2012-12-31 18:00:26 -0800

LoadError (cannot load such file -- yajl/http_stream):
  app/models/listing_query.rb:6:in `<top (required)>'
  app/controllers/listing_queries_controller.rb:1:in `<top (required)>'


  Rendered /home/move/.rvm/gems/ruby-1.9.3-p194@move/gems/actionpack-3.2.5/lib/action_dispatch/middleware/templates/rescues/_trace.erb (22.0ms)
  Rendered /home/move/.rvm/gems/ruby-1.9.3-p194@move/gems/actionpack-3.2.5/lib/action_dispatch/middleware/templates/rescues/_request_and_response.erb (24.6ms)
  Rendered /home/move/.rvm/gems/ruby-1.9.3-p194@move/gems/actionpack-3.2.5/lib/action_dispatch/middleware/templates/rescues/diagnostics.erb within rescues/layout (111.6ms)


Started POST "/listing_queries/create" for 127.0.0.1 at 2012-12-31 18:01:19 -0800

LoadError (cannot load such file -- ansi/code):
  app/models/query_parser.rb:5:in `<top (required)>'
  app/models/listing_query.rb:9:in `<top (required)>'
  app/controllers/listing_queries_controller.rb:1:in `<top (required)>'


  Rendered /home/move/.rvm/gems/ruby-1.9.3-p194@move/gems/actionpack-3.2.5/lib/action_dispatch/middleware/templates/rescues/_trace.erb (21.8ms)
  Rendered /home/move/.rvm/gems/ruby-1.9.3-p194@move/gems/actionpack-3.2.5/lib/action_dispatch/middleware/templates/rescues/_request_and_response.erb (8.8ms)
  Rendered /home/move/.rvm/gems/ruby-1.9.3-p194@move/gems/actionpack-3.2.5/lib/action_dispatch/middleware/templates/rescues/diagnostics.erb within rescues/layout (71.9ms)


Started POST "/listing_queries/create" for 127.0.0.1 at 2012-12-31 18:02:07 -0800
Processing by ListingQueriesController#create as JSON
  Parameters: {"test"=>"hello", "listing_query"=>{"test"=>"hello", "format"=>"json", "action"=>"create", "controller"=>"listing_queries"}}
WARNING: Can't verify CSRF token authenticity
Completed 200 OK in 88ms (Views: 1.2ms)


Started POST "/ESWResources/create" for 127.0.0.1 at 2013-01-01 07:28:31 -0800
Error occurred while parsing request parameters.
Contents:



MultiJson::DecodeError (795: unexpected token at '{
            {"query" :
                  [{"beds": ["long", [1,3]]},
                   {"zip": ["string", ["38119", "38125"]]},
                   {"location": ["geopoint", [40, -70, "1200km"]]},
                   {"price":  ["long", [140000, 200000]]}
                  ],
              "resource_type" => "listing"
            }
  }'):
  json (1.7.6) lib/json/common.rb:155:in `parse'
  json (1.7.6) lib/json/common.rb:155:in `parse'
  multi_json (1.5.0) lib/multi_json/adapters/json_common.rb:7:in `load'
  multi_json (1.5.0) lib/multi_json.rb:96:in `load'
  activesupport (3.2.5) lib/active_support/json/decoding.rb:15:in `decode'
  actionpack (3.2.5) lib/action_dispatch/middleware/params_parser.rb:47:in `parse_formatted_parameters'
  actionpack (3.2.5) lib/action_dispatch/middleware/params_parser.rb:17:in `call'
  actionpack (3.2.5) lib/action_dispatch/middleware/flash.rb:238:in `call'
  rack (1.4.1) lib/rack/session/abstract/id.rb:205:in `context'
  rack (1.4.1) lib/rack/session/abstract/id.rb:200:in `call'
  actionpack (3.2.5) lib/action_dispatch/middleware/cookies.rb:338:in `call'
  actionpack (3.2.5) lib/action_dispatch/middleware/callbacks.rb:28:in `block in call'
  activesupport (3.2.5) lib/active_support/callbacks.rb:405:in `_run__4033408145106537409__call__2700669684263256639__callbacks'
  activesupport (3.2.5) lib/active_support/callbacks.rb:405:in `__run_callback'
  activesupport (3.2.5) lib/active_support/callbacks.rb:385:in `_run_call_callbacks'
  activesupport (3.2.5) lib/active_support/callbacks.rb:81:in `run_callbacks'
  actionpack (3.2.5) lib/action_dispatch/middleware/callbacks.rb:27:in `call'
  actionpack (3.2.5) lib/action_dispatch/middleware/reloader.rb:65:in `call'
  actionpack (3.2.5) lib/action_dispatch/middleware/remote_ip.rb:31:in `call'
  actionpack (3.2.5) lib/action_dispatch/middleware/debug_exceptions.rb:16:in `call'
  actionpack (3.2.5) lib/action_dispatch/middleware/show_exceptions.rb:56:in `call'
  railties (3.2.5) lib/rails/rack/logger.rb:26:in `call_app'
  railties (3.2.5) lib/rails/rack/logger.rb:16:in `call'
  actionpack (3.2.5) lib/action_dispatch/middleware/request_id.rb:22:in `call'
  rack (1.4.1) lib/rack/methodoverride.rb:21:in `call'
  rack (1.4.1) lib/rack/runtime.rb:17:in `call'
  activesupport (3.2.5) lib/active_support/cache/strategy/local_cache.rb:72:in `call'
  rack (1.4.1) lib/rack/lock.rb:15:in `call'
  actionpack (3.2.5) lib/action_dispatch/middleware/static.rb:62:in `call'
  railties (3.2.5) lib/rails/engine.rb:479:in `call'
  railties (3.2.5) lib/rails/application.rb:220:in `call'
  rack (1.4.1) lib/rack/content_length.rb:14:in `call'
  railties (3.2.5) lib/rails/rack/log_tailer.rb:17:in `call'
  rack (1.4.1) lib/rack/handler/webrick.rb:59:in `service'
  /home/move/.rvm/rubies/ruby-1.9.3-p194/lib/ruby/1.9.1/webrick/httpserver.rb:138:in `service'
  /home/move/.rvm/rubies/ruby-1.9.3-p194/lib/ruby/1.9.1/webrick/httpserver.rb:94:in `run'
  /home/move/.rvm/rubies/ruby-1.9.3-p194/lib/ruby/1.9.1/webrick/server.rb:191:in `block in start_thread'


  Rendered /home/move/.rvm/gems/ruby-1.9.3-p194@move/gems/actionpack-3.2.5/lib/action_dispatch/middleware/templates/rescues/_trace.erb (17.3ms)
  Rendered /home/move/.rvm/gems/ruby-1.9.3-p194@move/gems/actionpack-3.2.5/lib/action_dispatch/middleware/templates/rescues/_request_and_response.erb (26.8ms)
  Rendered /home/move/.rvm/gems/ruby-1.9.3-p194@move/gems/actionpack-3.2.5/lib/action_dispatch/middleware/templates/rescues/diagnostics.erb within rescues/layout (2668.0ms)


Started POST "/ESWResources/create" for 127.0.0.1 at 2013-01-01 07:30:15 -0800
Error occurred while parsing request parameters.
Contents:



MultiJson::DecodeError (795: unexpected token at '{
            {"query" :
                  [{"beds": ["long", [1,3]]},
                   {"zip": ["string", ["38119", "38125"]]},
                   {"location": ["geopoint", [40, -70, "1200km"]]},
                   {"price":  ["long", [140000, 200000]]}
                  ],
              "resource_type": "listing"
            }
  }'):
  json (1.7.6) lib/json/common.rb:155:in `parse'
  json (1.7.6) lib/json/common.rb:155:in `parse'
  multi_json (1.5.0) lib/multi_json/adapters/json_common.rb:7:in `load'
  multi_json (1.5.0) lib/multi_json.rb:96:in `load'
  activesupport (3.2.5) lib/active_support/json/decoding.rb:15:in `decode'
  actionpack (3.2.5) lib/action_dispatch/middleware/params_parser.rb:47:in `parse_formatted_parameters'
  actionpack (3.2.5) lib/action_dispatch/middleware/params_parser.rb:17:in `call'
  actionpack (3.2.5) lib/action_dispatch/middleware/flash.rb:238:in `call'
  rack (1.4.1) lib/rack/session/abstract/id.rb:205:in `context'
  rack (1.4.1) lib/rack/session/abstract/id.rb:200:in `call'
  actionpack (3.2.5) lib/action_dispatch/middleware/cookies.rb:338:in `call'
  actionpack (3.2.5) lib/action_dispatch/middleware/callbacks.rb:28:in `block in call'
  activesupport (3.2.5) lib/active_support/callbacks.rb:405:in `_run__4033408145106537409__call__2700669684263256639__callbacks'
  activesupport (3.2.5) lib/active_support/callbacks.rb:405:in `__run_callback'
  activesupport (3.2.5) lib/active_support/callbacks.rb:385:in `_run_call_callbacks'
  activesupport (3.2.5) lib/active_support/callbacks.rb:81:in `run_callbacks'
  actionpack (3.2.5) lib/action_dispatch/middleware/callbacks.rb:27:in `call'
  actionpack (3.2.5) lib/action_dispatch/middleware/reloader.rb:65:in `call'
  actionpack (3.2.5) lib/action_dispatch/middleware/remote_ip.rb:31:in `call'
  actionpack (3.2.5) lib/action_dispatch/middleware/debug_exceptions.rb:16:in `call'
  actionpack (3.2.5) lib/action_dispatch/middleware/show_exceptions.rb:56:in `call'
  railties (3.2.5) lib/rails/rack/logger.rb:26:in `call_app'
  railties (3.2.5) lib/rails/rack/logger.rb:16:in `call'
  actionpack (3.2.5) lib/action_dispatch/middleware/request_id.rb:22:in `call'
  rack (1.4.1) lib/rack/methodoverride.rb:21:in `call'
  rack (1.4.1) lib/rack/runtime.rb:17:in `call'
  activesupport (3.2.5) lib/active_support/cache/strategy/local_cache.rb:72:in `call'
  rack (1.4.1) lib/rack/lock.rb:15:in `call'
  actionpack (3.2.5) lib/action_dispatch/middleware/static.rb:62:in `call'
  railties (3.2.5) lib/rails/engine.rb:479:in `call'
  railties (3.2.5) lib/rails/application.rb:220:in `call'
  rack (1.4.1) lib/rack/content_length.rb:14:in `call'
  railties (3.2.5) lib/rails/rack/log_tailer.rb:17:in `call'
  rack (1.4.1) lib/rack/handler/webrick.rb:59:in `service'
  /home/move/.rvm/rubies/ruby-1.9.3-p194/lib/ruby/1.9.1/webrick/httpserver.rb:138:in `service'
  /home/move/.rvm/rubies/ruby-1.9.3-p194/lib/ruby/1.9.1/webrick/httpserver.rb:94:in `run'
  /home/move/.rvm/rubies/ruby-1.9.3-p194/lib/ruby/1.9.1/webrick/server.rb:191:in `block in start_thread'


  Rendered /home/move/.rvm/gems/ruby-1.9.3-p194@move/gems/actionpack-3.2.5/lib/action_dispatch/middleware/templates/rescues/_trace.erb (16.3ms)
  Rendered /home/move/.rvm/gems/ruby-1.9.3-p194@move/gems/actionpack-3.2.5/lib/action_dispatch/middleware/templates/rescues/_request_and_response.erb (8.9ms)
  Rendered /home/move/.rvm/gems/ruby-1.9.3-p194@move/gems/actionpack-3.2.5/lib/action_dispatch/middleware/templates/rescues/diagnostics.erb within rescues/layout (70.2ms)


Started POST "/ESWResources/create" for 127.0.0.1 at 2013-01-01 07:31:31 -0800

ActionController::RoutingError (No route matches [POST] "/ESWResources/create"):
  actionpack (3.2.5) lib/action_dispatch/middleware/debug_exceptions.rb:21:in `call'
  actionpack (3.2.5) lib/action_dispatch/middleware/show_exceptions.rb:56:in `call'
  railties (3.2.5) lib/rails/rack/logger.rb:26:in `call_app'
  railties (3.2.5) lib/rails/rack/logger.rb:16:in `call'
  actionpack (3.2.5) lib/action_dispatch/middleware/request_id.rb:22:in `call'
  rack (1.4.1) lib/rack/methodoverride.rb:21:in `call'
  rack (1.4.1) lib/rack/runtime.rb:17:in `call'
  activesupport (3.2.5) lib/active_support/cache/strategy/local_cache.rb:72:in `call'
  rack (1.4.1) lib/rack/lock.rb:15:in `call'
  actionpack (3.2.5) lib/action_dispatch/middleware/static.rb:62:in `call'
  railties (3.2.5) lib/rails/engine.rb:479:in `call'
  railties (3.2.5) lib/rails/application.rb:220:in `call'
  rack (1.4.1) lib/rack/content_length.rb:14:in `call'
  railties (3.2.5) lib/rails/rack/log_tailer.rb:17:in `call'
  rack (1.4.1) lib/rack/handler/webrick.rb:59:in `service'
  /home/move/.rvm/rubies/ruby-1.9.3-p194/lib/ruby/1.9.1/webrick/httpserver.rb:138:in `service'
  /home/move/.rvm/rubies/ruby-1.9.3-p194/lib/ruby/1.9.1/webrick/httpserver.rb:94:in `run'
  /home/move/.rvm/rubies/ruby-1.9.3-p194/lib/ruby/1.9.1/webrick/server.rb:191:in `block in start_thread'


  Rendered /home/move/.rvm/gems/ruby-1.9.3-p194@move/gems/actionpack-3.2.5/lib/action_dispatch/middleware/templates/rescues/routing_error.erb within rescues/layout (4.7ms)


Started POST "/listing_queries/create" for 127.0.0.1 at 2013-01-01 07:33:34 -0800
Processing by ListingQueriesController#create as JSON
  Parameters: {"query"=>[{"beds"=>["long", [1, 3]]}, {"zip"=>["string", ["38119", "38125"]]}, {"location"=>["geopoint", [40, -70, "1200km"]]}, {"price"=>["long", [140000, 200000]]}], "resource_type"=>"listing", "listing_query"=>{"query"=>[{"beds"=>["long", [1, 3]]}, {"zip"=>["string", ["38119", "38125"]]}, {"location"=>["geopoint", [40, -70, "1200km"]]}, {"price"=>["long", [140000, 200000]]}], "resource_type"=>"listing", "format"=>"json", "action"=>"create", "controller"=>"listing_queries"}}
WARNING: Can't verify CSRF token authenticity
Completed 200 OK in 527500ms (Views: 2.6ms)


Started POST "/listing_queries/create" for 127.0.0.1 at 2013-01-01 07:46:49 -0800
Processing by ListingQueriesController#create as JSON
  Parameters: {"query"=>[{"beds"=>["long", [1, 3]]}, {"zip"=>["string", ["38119", "38125"]]}, {"location"=>["geopoint", [40, -70, "1200km"]]}, {"price"=>["long", [140000, 200000]]}], "resource_type"=>"listing", "listing_query"=>{"query"=>[{"beds"=>["long", [1, 3]]}, {"zip"=>["string", ["38119", "38125"]]}, {"location"=>["geopoint", [40, -70, "1200km"]]}, {"price"=>["long", [140000, 200000]]}], "resource_type"=>"listing", "format"=>"json", "action"=>"create", "controller"=>"listing_queries"}}
WARNING: Can't verify CSRF token authenticity
Completed 500 Internal Server Error in 58651ms

NameError (undefined local variable or method `query_hash' for #<ListingQueriesController:0x007f2a3cb215c0>):
  app/controllers/listing_queries_controller.rb:7:in `create'


  Rendered /home/move/.rvm/gems/ruby-1.9.3-p194@move/gems/actionpack-3.2.5/lib/action_dispatch/middleware/templates/rescues/_trace.erb (26.6ms)
  Rendered /home/move/.rvm/gems/ruby-1.9.3-p194@move/gems/actionpack-3.2.5/lib/action_dispatch/middleware/templates/rescues/_request_and_response.erb (15.3ms)
  Rendered /home/move/.rvm/gems/ruby-1.9.3-p194@move/gems/actionpack-3.2.5/lib/action_dispatch/middleware/templates/rescues/diagnostics.erb within rescues/layout (107.5ms)


Started POST "/listing_queries/create" for 127.0.0.1 at 2013-01-01 07:49:34 -0800
Processing by ListingQueriesController#create as JSON
  Parameters: {"query"=>[{"beds"=>["long", [1, 3]]}, {"zip"=>["string", ["38119", "38125"]]}, {"location"=>["geopoint", [40, -70, "1200km"]]}, {"price"=>["long", [140000, 200000]]}], "resource_type"=>"listing", "listing_query"=>{"query"=>[{"beds"=>["long", [1, 3]]}, {"zip"=>["string", ["38119", "38125"]]}, {"location"=>["geopoint", [40, -70, "1200km"]]}, {"price"=>["long", [140000, 200000]]}], "resource_type"=>"listing", "format"=>"json", "action"=>"create", "controller"=>"listing_queries"}}
WARNING: Can't verify CSRF token authenticity
Completed 200 OK in 156349ms (Views: 2.5ms)


Started POST "/listing_queries/create" for 127.0.0.1 at 2013-01-01 07:55:13 -0800
Processing by ListingQueriesController#create as JSON
  Parameters: {"query"=>[{"beds"=>["long", [1, 3]]}, {"zip"=>["string", ["38119", "38125"]]}, {"location"=>["geopoint", [40, -70, "1200km"]]}, {"price"=>["long", [140000, 200000]]}], "resource_type"=>"listing", "listing_query"=>{"query"=>[{"beds"=>["long", [1, 3]]}, {"zip"=>["string", ["38119", "38125"]]}, {"location"=>["geopoint", [40, -70, "1200km"]]}, {"price"=>["long", [140000, 200000]]}], "resource_type"=>"listing", "format"=>"json", "action"=>"create", "controller"=>"listing_queries"}}
WARNING: Can't verify CSRF token authenticity
Completed 200 OK in 17260ms (Views: 1.7ms)


Started POST "/listing_queries/create" for 127.0.0.1 at 2013-01-01 08:11:22 -0800
Processing by ListingQueriesController#create as JSON
  Parameters: {"query"=>[{"beds"=>["long", [1, 3]]}, {"zip"=>["string", ["38119", "38125"]]}, {"location"=>["geopoint", [40, -70, "1200km"]]}, {"price"=>["long", [140000, 200000]]}], "resource_type"=>"listing", "listing_query"=>{"query"=>[{"beds"=>["long", [1, 3]]}, {"zip"=>["string", ["38119", "38125"]]}, {"location"=>["geopoint", [40, -70, "1200km"]]}, {"price"=>["long", [140000, 200000]]}], "resource_type"=>"listing", "format"=>"json", "action"=>"create", "controller"=>"listing_queries"}}
WARNING: Can't verify CSRF token authenticity
Completed 200 OK in 10043ms (Views: 2.1ms)


Started POST "/listing_queries/create" for 127.0.0.1 at 2013-01-01 08:15:47 -0800
Processing by ListingQueriesController#create as JSON
  Parameters: {"query"=>[{"beds"=>["long", [1, 3]]}, {"zip"=>["string", ["38119", "38125"]]}, {"location"=>["geopoint", [40, -70, "1200km"]]}, {"price"=>["long", [140000, 200000]]}], "resource_type"=>"listing", "listing_query"=>{"query"=>[{"beds"=>["long", [1, 3]]}, {"zip"=>["string", ["38119", "38125"]]}, {"location"=>["geopoint", [40, -70, "1200km"]]}, {"price"=>["long", [140000, 200000]]}], "resource_type"=>"listing", "format"=>"json", "action"=>"create", "controller"=>"listing_queries"}}
WARNING: Can't verify CSRF token authenticity
Completed 200 OK in 9081ms (Views: 2.1ms)


Started POST "/listing_queries/create" for 127.0.0.1 at 2013-01-01 08:17:41 -0800
Processing by ListingQueriesController#create as JSON
  Parameters: {"query"=>[{"beds"=>["long", [1, 3]]}, {"zip"=>["string", ["38119", "38125"]]}, {"location"=>["geopoint", [40, -70, "1200km"]]}, {"price"=>["long", [140000, 200000]]}], "resource_type"=>"listing", "listing_query"=>{"query"=>[{"beds"=>["long", [1, 3]]}, {"zip"=>["string", ["38119", "38125"]]}, {"location"=>["geopoint", [40, -70, "1200km"]]}, {"price"=>["long", [140000, 200000]]}], "resource_type"=>"listing", "format"=>"json", "action"=>"create", "controller"=>"listing_queries"}}
WARNING: Can't verify CSRF token authenticity
Completed 200 OK in 5953ms (Views: 3.6ms)


Started POST "/listing_queries/create" for 127.0.0.1 at 2013-01-01 08:18:28 -0800
Processing by ListingQueriesController#create as JSON
  Parameters: {"query"=>[{"beds"=>["long", [1, 3]]}, {"zip"=>["string", ["38119", "38125"]]}, {"location"=>["geopoint", [40, -70, "1200km"]]}, {"price"=>["long", [141000, 200000]]}], "resource_type"=>"listing", "listing_query"=>{"query"=>[{"beds"=>["long", [1, 3]]}, {"zip"=>["string", ["38119", "38125"]]}, {"location"=>["geopoint", [40, -70, "1200km"]]}, {"price"=>["long", [141000, 200000]]}], "resource_type"=>"listing", "format"=>"json", "action"=>"create", "controller"=>"listing_queries"}}
WARNING: Can't verify CSRF token authenticity
Completed 200 OK in 6735ms (Views: 2.9ms)


Started POST "/listing_queries/create" for 127.0.0.1 at 2013-01-01 08:43:22 -0800
Processing by ListingQueriesController#create as JSON
  Parameters: {"query"=>[{"beds"=>["long", [1, 3]]}, {"zip"=>["string", ["38119", "38125"]]}, {"location"=>["geopoint", [40, -70, "1200km"]]}, {"price"=>["long", [140000, 200000]]}], "resource_type"=>"listing", "query_id"=>"memberID1-q1", "listing_query"=>{"query"=>[{"beds"=>["long", [1, 3]]}, {"zip"=>["string", ["38119", "38125"]]}, {"location"=>["geopoint", [40, -70, "1200km"]]}, {"price"=>["long", [140000, 200000]]}], "resource_type"=>"listing", "query_id"=>"memberID1-q1", "format"=>"json", "action"=>"create", "controller"=>"listing_queries"}}
WARNING: Can't verify CSRF token authenticity
Completed 200 OK in 41292ms (Views: 2.2ms)


Started POST "/listings/find" for 127.0.0.1 at 2013-01-01 09:48:35 -0800

LoadError (cannot load such file -- ansi/code):
  app/models/listing.rb:5:in `<top (required)>'
  app/controllers/listings_controller.rb:1:in `<top (required)>'


  Rendered /home/move/.rvm/gems/ruby-1.9.3-p194@move/gems/actionpack-3.2.5/lib/action_dispatch/middleware/templates/rescues/_trace.erb (20.0ms)
  Rendered /home/move/.rvm/gems/ruby-1.9.3-p194@move/gems/actionpack-3.2.5/lib/action_dispatch/middleware/templates/rescues/_request_and_response.erb (26.7ms)
  Rendered /home/move/.rvm/gems/ruby-1.9.3-p194@move/gems/actionpack-3.2.5/lib/action_dispatch/middleware/templates/rescues/diagnostics.erb within rescues/layout (255.2ms)


Started POST "/listings/find" for 127.0.0.1 at 2013-01-01 09:49:34 -0800
Processing by ListingsController#find as JSON
  Parameters: {"listing"=>{"id"=>"listing_id1", "resource_type"=>"listing", "address"=>"7009 Fellsway Cove", "beds"=>3, "baths"=>2, "zip"=>"38125", "location"=>{"lat"=>40.12, "lon"=>-71.34}, "price"=>140000, "comment"=>"this is a comment"}}
WARNING: Can't verify CSRF token authenticity
Completed 200 OK in 21962ms (Views: 2.8ms)


Started POST "/listings/find" for 127.0.0.1 at 2013-01-01 09:53:10 -0800
Processing by ListingsController#find as JSON
  Parameters: {"listing"=>{"id"=>"listing_id1", "resource_type"=>"listing", "address"=>"7009 Fellsway Cove", "beds"=>3, "baths"=>2, "zip"=>"38125", "location"=>{"lat"=>40.12, "lon"=>-71.34}, "price"=>140000, "comment"=>"this is a comment"}}
WARNING: Can't verify CSRF token authenticity
Completed 200 OK in 46559ms (Views: 1.3ms)


Started POST "/listings/find" for 127.0.0.1 at 2013-01-01 09:57:44 -0800
Processing by ListingsController#find as JSON
  Parameters: {"listing"=>{"id"=>"listing_id1", "resource_type"=>"listing", "address"=>"7009 Fellsway Cove", "beds"=>3, "baths"=>2, "zip"=>"38125", "location"=>{"lat"=>40.12, "lon"=>-71.34}, "price"=>140000, "comment"=>"this is a comment"}}
WARNING: Can't verify CSRF token authenticity
Completed 200 OK in 121261ms (Views: 2.3ms)


Started POST "/listings/find" for 127.0.0.1 at 2013-01-01 10:00:40 -0800
Processing by ListingsController#find as JSON
  Parameters: {"listing"=>{"id"=>"listing_id1", "resource_type"=>"listing", "address"=>"7009 Fellsway Cove", "beds"=>3, "baths"=>2, "zip"=>"38125", "location"=>{"lat"=>40.12, "lon"=>-71.34}, "price"=>140000, "comment"=>"this is a comment"}}
WARNING: Can't verify CSRF token authenticity
Completed 200 OK in 6600ms (Views: 2.8ms)


Started POST "/listings/find" for 127.0.0.1 at 2013-01-01 10:02:49 -0800
Processing by ListingsController#find as JSON
  Parameters: {"listing"=>{"id"=>"listing_id1", "resource_type"=>"listing", "address"=>"7009 Fellsway Cove", "beds"=>3, "baths"=>2, "zip"=>"38125", "location"=>{"lat"=>40.12, "lon"=>-71.34}, "price"=>140000, "comment"=>"this is a comment"}}
WARNING: Can't verify CSRF token authenticity
Completed 200 OK in 6130ms (Views: 3.4ms)


Started POST "/listings/find" for 127.0.0.1 at 2013-01-01 10:04:51 -0800
Processing by ListingsController#find as JSON
  Parameters: {"listing"=>{"id"=>"listing_id1", "resource_type"=>"listing", "address"=>"7009 Fellsway Cove", "beds"=>3, "baths"=>2, "zip"=>"38125", "location"=>{"lat"=>40.12, "lon"=>-71.34}, "price"=>1400000, "comment"=>"this is a comment"}}
WARNING: Can't verify CSRF token authenticity
Completed 200 OK in 6356ms (Views: 3.2ms)


Started POST "/listings/find" for 127.0.0.1 at 2013-01-01 10:07:43 -0800
Processing by ListingsController#find as JSON
  Parameters: {"listing"=>{"id"=>"listing_id1", "resource_type"=>"listing", "address"=>"7009 Fellsway Cove", "beds"=>3, "baths"=>2, "zip"=>"38125", "location"=>{"lat"=>40.12, "lon"=>-71.34}, "price"=>140000, "comment"=>"this is a comment"}}
WARNING: Can't verify CSRF token authenticity
Completed 200 OK in 6122ms (Views: 2.9ms)


Started POST "/listings/find" for 127.0.0.1 at 2013-01-01 10:08:16 -0800
Processing by ListingsController#find as JSON
  Parameters: {"listing"=>{"id"=>"listing_id1", "resource_type"=>"listing", "address"=>"7009 Fellsway Cove", "beds"=>3, "baths"=>2, "zip"=>"38126", "location"=>{"lat"=>40.12, "lon"=>-71.34}, "price"=>140000, "comment"=>"this is a comment"}}
WARNING: Can't verify CSRF token authenticity
Completed 200 OK in 98ms (Views: 6.4ms)


Started POST "/listings/find" for 127.0.0.1 at 2013-01-01 10:08:27 -0800
Processing by ListingsController#find as JSON
  Parameters: {"listing"=>{"id"=>"listing_id1", "resource_type"=>"listing", "address"=>"7009 Fellsway Cove", "beds"=>3, "baths"=>2, "zip"=>"38126", "location"=>{"lat"=>40.12, "lon"=>-71.34}, "price"=>140000, "comment"=>"this is a comment"}}
WARNING: Can't verify CSRF token authenticity
Completed 200 OK in 8922ms (Views: 4.5ms)


Started POST "/listings/find" for 127.0.0.1 at 2013-01-01 11:04:37 -0800
Processing by ListingsController#find as JSON
  Parameters: {"listing"=>{"id"=>"listing_id1", "resource_type"=>"listing", "address"=>"7009 Fellsway Cove", "beds"=>3, "baths"=>2, "zip"=>"38125", "location"=>{"lat"=>40.12, "lon"=>-71.34}, "price"=>140000, "comment"=>"this is a comment"}}
WARNING: Can't verify CSRF token authenticity
Completed 200 OK in 116ms (Views: 3.9ms)


Started POST "/listings/find" for 127.0.0.1 at 2013-01-01 11:05:21 -0800
Processing by ListingsController#find as JSON
  Parameters: {"listing"=>{"id"=>"listing_id1", "resource_type"=>"listing", "address"=>"7009 Fellsway Cove", "beds"=>3, "baths"=>2, "zip"=>"38125", "location"=>{"lat"=>40.12, "lon"=>-71.34}, "price"=>140000}}
WARNING: Can't verify CSRF token authenticity
Completed 200 OK in 87ms (Views: 4.4ms)


Started POST "/listings/find" for 127.0.0.1 at 2013-01-01 11:05:44 -0800
Processing by ListingsController#find as JSON
  Parameters: {"listing"=>{"id"=>"listing_id1", "resource_type"=>"listing", "address"=>"7009 Fellsway Cove", "beds"=>3, "baths"=>2, "zip"=>"38125", "location"=>{"lat"=>40.12, "lon"=>-71.34}}}
WARNING: Can't verify CSRF token authenticity
Completed 200 OK in 9074ms (Views: 5.1ms)


Started POST "/listings/find" for 127.0.0.1 at 2013-01-01 21:54:09 -0800
Processing by ListingsController#find as JSON
  Parameters: {"listing"=>{"id"=>"listing_id1", "resource_type"=>"listing", "address"=>"7009 Fellsway Cove", "beds"=>3, "baths"=>2, "zip"=>"38125", "location"=>{"lat"=>40.12, "lon"=>-71.34}, "price"=>140000, "comment"=>"this is a comment"}}
WARNING: Can't verify CSRF token authenticity
Completed 200 OK in 11230ms (Views: 2.9ms)


Started POST "/listing_queries/create" for 127.0.0.1 at 2013-01-02 11:12:43 -0800
Processing by ListingQueriesController#create as JSON
  Parameters: {"query"=>[{"beds"=>["long", [1, 3]]}, {"zip"=>["string", ["38119", "38125"]]}, {"location"=>["geopoint", [40, -70, "1200km"]]}, {"price"=>["long", [140000, 200000]]}], "resource_type"=>"listing", "query_id"=>"memberID1-q1", "listing_query"=>{"query"=>[{"beds"=>["long", [1, 3]]}, {"zip"=>["string", ["38119", "38125"]]}, {"location"=>["geopoint", [40, -70, "1200km"]]}, {"price"=>["long", [140000, 200000]]}], "resource_type"=>"listing", "query_id"=>"memberID1-q1", "format"=>"json", "action"=>"create", "controller"=>"listing_queries"}}
WARNING: Can't verify CSRF token authenticity
Completed 200 OK in 1027ms (Views: 2.4ms)


Started POST "/listing_queries/create" for 127.0.0.1 at 2013-01-02 11:18:18 -0800
Error occurred while parsing request parameters.
Contents:



MultiJson::DecodeError (399: unexpected token at '],
              "resource_type": "listing",
              "query_id": "memberID1-q2"
            }'):
  json (1.7.6) lib/json/common.rb:155:in `parse'
  json (1.7.6) lib/json/common.rb:155:in `parse'
  multi_json (1.5.0) lib/multi_json/adapters/json_common.rb:7:in `load'
  multi_json (1.5.0) lib/multi_json.rb:96:in `load'
  activesupport (3.2.5) lib/active_support/json/decoding.rb:15:in `decode'
  actionpack (3.2.5) lib/action_dispatch/middleware/params_parser.rb:47:in `parse_formatted_parameters'
  actionpack (3.2.5) lib/action_dispatch/middleware/params_parser.rb:17:in `call'
  actionpack (3.2.5) lib/action_dispatch/middleware/flash.rb:238:in `call'
  rack (1.4.1) lib/rack/session/abstract/id.rb:205:in `context'
  rack (1.4.1) lib/rack/session/abstract/id.rb:200:in `call'
  actionpack (3.2.5) lib/action_dispatch/middleware/cookies.rb:338:in `call'
  actionpack (3.2.5) lib/action_dispatch/middleware/callbacks.rb:28:in `block in call'
  activesupport (3.2.5) lib/active_support/callbacks.rb:405:in `_run__2839531428168716394__call__4263888845269875425__callbacks'
  activesupport (3.2.5) lib/active_support/callbacks.rb:405:in `__run_callback'
  activesupport (3.2.5) lib/active_support/callbacks.rb:385:in `_run_call_callbacks'
  activesupport (3.2.5) lib/active_support/callbacks.rb:81:in `run_callbacks'
  actionpack (3.2.5) lib/action_dispatch/middleware/callbacks.rb:27:in `call'
  actionpack (3.2.5) lib/action_dispatch/middleware/reloader.rb:65:in `call'
  actionpack (3.2.5) lib/action_dispatch/middleware/remote_ip.rb:31:in `call'
  actionpack (3.2.5) lib/action_dispatch/middleware/debug_exceptions.rb:16:in `call'
  actionpack (3.2.5) lib/action_dispatch/middleware/show_exceptions.rb:56:in `call'
  railties (3.2.5) lib/rails/rack/logger.rb:26:in `call_app'
  railties (3.2.5) lib/rails/rack/logger.rb:16:in `call'
  actionpack (3.2.5) lib/action_dispatch/middleware/request_id.rb:22:in `call'
  rack (1.4.1) lib/rack/methodoverride.rb:21:in `call'
  rack (1.4.1) lib/rack/runtime.rb:17:in `call'
  activesupport (3.2.5) lib/active_support/cache/strategy/local_cache.rb:72:in `call'
  rack (1.4.1) lib/rack/lock.rb:15:in `call'
  actionpack (3.2.5) lib/action_dispatch/middleware/static.rb:62:in `call'
  railties (3.2.5) lib/rails/engine.rb:479:in `call'
  railties (3.2.5) lib/rails/application.rb:220:in `call'
  rack (1.4.1) lib/rack/content_length.rb:14:in `call'
  railties (3.2.5) lib/rails/rack/log_tailer.rb:17:in `call'
  thin (1.5.0) lib/thin/connection.rb:81:in `block in pre_process'
  thin (1.5.0) lib/thin/connection.rb:79:in `catch'
  thin (1.5.0) lib/thin/connection.rb:79:in `pre_process'
  thin (1.5.0) lib/thin/connection.rb:54:in `process'
  thin (1.5.0) lib/thin/connection.rb:39:in `receive_data'
  eventmachine (1.0.0) lib/eventmachine.rb:187:in `run_machine'
  eventmachine (1.0.0) lib/eventmachine.rb:187:in `run'
  thin (1.5.0) lib/thin/backends/base.rb:63:in `start'
  thin (1.5.0) lib/thin/server.rb:159:in `start'
  rack (1.4.1) lib/rack/handler/thin.rb:13:in `run'
  rack (1.4.1) lib/rack/server.rb:265:in `start'
  railties (3.2.5) lib/rails/commands/server.rb:70:in `start'
  railties (3.2.5) lib/rails/commands.rb:55:in `block in <top (required)>'
  railties (3.2.5) lib/rails/commands.rb:50:in `tap'
  railties (3.2.5) lib/rails/commands.rb:50:in `<top (required)>'
  script/rails:6:in `require'
  script/rails:6:in `<main>'


  Rendered /home/move/.rvm/gems/ruby-1.9.3-p194@move/gems/actionpack-3.2.5/lib/action_dispatch/middleware/templates/rescues/_trace.erb (18.8ms)
  Rendered /home/move/.rvm/gems/ruby-1.9.3-p194@move/gems/actionpack-3.2.5/lib/action_dispatch/middleware/templates/rescues/_request_and_response.erb (8.1ms)
  Rendered /home/move/.rvm/gems/ruby-1.9.3-p194@move/gems/actionpack-3.2.5/lib/action_dispatch/middleware/templates/rescues/diagnostics.erb within rescues/layout (93.9ms)


Started POST "/listing_queries/create" for 127.0.0.1 at 2013-01-02 11:18:59 -0800
Processing by ListingQueriesController#create as JSON
  Parameters: {"query"=>[{"address"=>["text", ["7009 F"]]}], "resource_type"=>"listing", "query_id"=>"memberID1-q2", "listing_query"=>{"query"=>[{"address"=>["text", ["7009 F"]]}], "resource_type"=>"listing", "query_id"=>"memberID1-q2", "format"=>"json", "action"=>"create", "controller"=>"listing_queries"}}
WARNING: Can't verify CSRF token authenticity
Completed 200 OK in 109ms (Views: 2.1ms)


Started POST "/listings/find" for 127.0.0.1 at 2013-01-02 11:22:33 -0800
Processing by ListingsController#find as JSON
  Parameters: {"listing"=>{"id"=>"listing_id1", "resource_type"=>"listing", "beds"=>3, "baths"=>2, "zip"=>"38125", "price"=>140000, "address"=>"7009 Fellsway Cove"}}
WARNING: Can't verify CSRF token authenticity
Completed 200 OK in 55ms (Views: 1.7ms)


Started POST "/listings/find" for 127.0.0.1 at 2013-01-02 11:23:02 -0800
Processing by ListingsController#find as JSON
  Parameters: {"listing"=>{"id"=>"listing_id1", "resource_type"=>"listing", "address"=>"7009 Fellsway Cove", "beds"=>3, "baths"=>2, "zip"=>"38125", "location"=>{"lat"=>40.12, "lon"=>-71.34}, "price"=>140000, "comment"=>"this is a comment"}}
WARNING: Can't verify CSRF token authenticity
Completed 200 OK in 46ms (Views: 2.1ms)


Started POST "/listing_queries/create" for 127.0.0.1 at 2013-01-02 11:26:36 -0800
Error occurred while parsing request parameters.
Contents:



MultiJson::DecodeError (399: unexpected token at ''):
  json (1.7.6) lib/json/common.rb:155:in `parse'
  json (1.7.6) lib/json/common.rb:155:in `parse'
  multi_json (1.5.0) lib/multi_json/adapters/json_common.rb:7:in `load'
  multi_json (1.5.0) lib/multi_json.rb:96:in `load'
  activesupport (3.2.5) lib/active_support/json/decoding.rb:15:in `decode'
  actionpack (3.2.5) lib/action_dispatch/middleware/params_parser.rb:47:in `parse_formatted_parameters'
  actionpack (3.2.5) lib/action_dispatch/middleware/params_parser.rb:17:in `call'
  actionpack (3.2.5) lib/action_dispatch/middleware/flash.rb:238:in `call'
  rack (1.4.1) lib/rack/session/abstract/id.rb:205:in `context'
  rack (1.4.1) lib/rack/session/abstract/id.rb:200:in `call'
  actionpack (3.2.5) lib/action_dispatch/middleware/cookies.rb:338:in `call'
  actionpack (3.2.5) lib/action_dispatch/middleware/callbacks.rb:28:in `block in call'
  activesupport (3.2.5) lib/active_support/callbacks.rb:405:in `_run__2839531428168716394__call__4263888845269875425__callbacks'
  activesupport (3.2.5) lib/active_support/callbacks.rb:405:in `__run_callback'
  activesupport (3.2.5) lib/active_support/callbacks.rb:385:in `_run_call_callbacks'
  activesupport (3.2.5) lib/active_support/callbacks.rb:81:in `run_callbacks'
  actionpack (3.2.5) lib/action_dispatch/middleware/callbacks.rb:27:in `call'
  actionpack (3.2.5) lib/action_dispatch/middleware/reloader.rb:65:in `call'
  actionpack (3.2.5) lib/action_dispatch/middleware/remote_ip.rb:31:in `call'
  actionpack (3.2.5) lib/action_dispatch/middleware/debug_exceptions.rb:16:in `call'
  actionpack (3.2.5) lib/action_dispatch/middleware/show_exceptions.rb:56:in `call'
  railties (3.2.5) lib/rails/rack/logger.rb:26:in `call_app'
  railties (3.2.5) lib/rails/rack/logger.rb:16:in `call'
  actionpack (3.2.5) lib/action_dispatch/middleware/request_id.rb:22:in `call'
  rack (1.4.1) lib/rack/methodoverride.rb:21:in `call'
  rack (1.4.1) lib/rack/runtime.rb:17:in `call'
  activesupport (3.2.5) lib/active_support/cache/strategy/local_cache.rb:72:in `call'
  rack (1.4.1) lib/rack/lock.rb:15:in `call'
  actionpack (3.2.5) lib/action_dispatch/middleware/static.rb:62:in `call'
  railties (3.2.5) lib/rails/engine.rb:479:in `call'
  railties (3.2.5) lib/rails/application.rb:220:in `call'
  rack (1.4.1) lib/rack/content_length.rb:14:in `call'
  railties (3.2.5) lib/rails/rack/log_tailer.rb:17:in `call'
  thin (1.5.0) lib/thin/connection.rb:81:in `block in pre_process'
  thin (1.5.0) lib/thin/connection.rb:79:in `catch'
  thin (1.5.0) lib/thin/connection.rb:79:in `pre_process'
  thin (1.5.0) lib/thin/connection.rb:54:in `process'
  thin (1.5.0) lib/thin/connection.rb:39:in `receive_data'
  eventmachine (1.0.0) lib/eventmachine.rb:187:in `run_machine'
  eventmachine (1.0.0) lib/eventmachine.rb:187:in `run'
  thin (1.5.0) lib/thin/backends/base.rb:63:in `start'
  thin (1.5.0) lib/thin/server.rb:159:in `start'
  rack (1.4.1) lib/rack/handler/thin.rb:13:in `run'
  rack (1.4.1) lib/rack/server.rb:265:in `start'
  railties (3.2.5) lib/rails/commands/server.rb:70:in `start'
  railties (3.2.5) lib/rails/commands.rb:55:in `block in <top (required)>'
  railties (3.2.5) lib/rails/commands.rb:50:in `tap'
  railties (3.2.5) lib/rails/commands.rb:50:in `<top (required)>'
  script/rails:6:in `require'
  script/rails:6:in `<main>'


  Rendered /home/move/.rvm/gems/ruby-1.9.3-p194@move/gems/actionpack-3.2.5/lib/action_dispatch/middleware/templates/rescues/_trace.erb (27.0ms)
  Rendered /home/move/.rvm/gems/ruby-1.9.3-p194@move/gems/actionpack-3.2.5/lib/action_dispatch/middleware/templates/rescues/_request_and_response.erb (8.1ms)
  Rendered /home/move/.rvm/gems/ruby-1.9.3-p194@move/gems/actionpack-3.2.5/lib/action_dispatch/middleware/templates/rescues/diagnostics.erb within rescues/layout (152.0ms)


Started POST "/listing_queries/create" for 127.0.0.1 at 2013-01-02 11:27:06 -0800
Error occurred while parsing request parameters.
Contents:



MultiJson::DecodeError (399: unexpected token at '}
                  ],
              "resource_type": "listing",
              "query_id": "memberID1-q3"
            }'):
  json (1.7.6) lib/json/common.rb:155:in `parse'
  json (1.7.6) lib/json/common.rb:155:in `parse'
  multi_json (1.5.0) lib/multi_json/adapters/json_common.rb:7:in `load'
  multi_json (1.5.0) lib/multi_json.rb:96:in `load'
  activesupport (3.2.5) lib/active_support/json/decoding.rb:15:in `decode'
  actionpack (3.2.5) lib/action_dispatch/middleware/params_parser.rb:47:in `parse_formatted_parameters'
  actionpack (3.2.5) lib/action_dispatch/middleware/params_parser.rb:17:in `call'
  actionpack (3.2.5) lib/action_dispatch/middleware/flash.rb:238:in `call'
  rack (1.4.1) lib/rack/session/abstract/id.rb:205:in `context'
  rack (1.4.1) lib/rack/session/abstract/id.rb:200:in `call'
  actionpack (3.2.5) lib/action_dispatch/middleware/cookies.rb:338:in `call'
  actionpack (3.2.5) lib/action_dispatch/middleware/callbacks.rb:28:in `block in call'
  activesupport (3.2.5) lib/active_support/callbacks.rb:405:in `_run__2839531428168716394__call__4263888845269875425__callbacks'
  activesupport (3.2.5) lib/active_support/callbacks.rb:405:in `__run_callback'
  activesupport (3.2.5) lib/active_support/callbacks.rb:385:in `_run_call_callbacks'
  activesupport (3.2.5) lib/active_support/callbacks.rb:81:in `run_callbacks'
  actionpack (3.2.5) lib/action_dispatch/middleware/callbacks.rb:27:in `call'
  actionpack (3.2.5) lib/action_dispatch/middleware/reloader.rb:65:in `call'
  actionpack (3.2.5) lib/action_dispatch/middleware/remote_ip.rb:31:in `call'
  actionpack (3.2.5) lib/action_dispatch/middleware/debug_exceptions.rb:16:in `call'
  actionpack (3.2.5) lib/action_dispatch/middleware/show_exceptions.rb:56:in `call'
  railties (3.2.5) lib/rails/rack/logger.rb:26:in `call_app'
  railties (3.2.5) lib/rails/rack/logger.rb:16:in `call'
  actionpack (3.2.5) lib/action_dispatch/middleware/request_id.rb:22:in `call'
  rack (1.4.1) lib/rack/methodoverride.rb:21:in `call'
  rack (1.4.1) lib/rack/runtime.rb:17:in `call'
  activesupport (3.2.5) lib/active_support/cache/strategy/local_cache.rb:72:in `call'
  rack (1.4.1) lib/rack/lock.rb:15:in `call'
  actionpack (3.2.5) lib/action_dispatch/middleware/static.rb:62:in `call'
  railties (3.2.5) lib/rails/engine.rb:479:in `call'
  railties (3.2.5) lib/rails/application.rb:220:in `call'
  rack (1.4.1) lib/rack/content_length.rb:14:in `call'
  railties (3.2.5) lib/rails/rack/log_tailer.rb:17:in `call'
  thin (1.5.0) lib/thin/connection.rb:81:in `block in pre_process'
  thin (1.5.0) lib/thin/connection.rb:79:in `catch'
  thin (1.5.0) lib/thin/connection.rb:79:in `pre_process'
  thin (1.5.0) lib/thin/connection.rb:54:in `process'
  thin (1.5.0) lib/thin/connection.rb:39:in `receive_data'
  eventmachine (1.0.0) lib/eventmachine.rb:187:in `run_machine'
  eventmachine (1.0.0) lib/eventmachine.rb:187:in `run'
  thin (1.5.0) lib/thin/backends/base.rb:63:in `start'
  thin (1.5.0) lib/thin/server.rb:159:in `start'
  rack (1.4.1) lib/rack/handler/thin.rb:13:in `run'
  rack (1.4.1) lib/rack/server.rb:265:in `start'
  railties (3.2.5) lib/rails/commands/server.rb:70:in `start'
  railties (3.2.5) lib/rails/commands.rb:55:in `block in <top (required)>'
  railties (3.2.5) lib/rails/commands.rb:50:in `tap'
  railties (3.2.5) lib/rails/commands.rb:50:in `<top (required)>'
  script/rails:6:in `require'
  script/rails:6:in `<main>'


  Rendered /home/move/.rvm/gems/ruby-1.9.3-p194@move/gems/actionpack-3.2.5/lib/action_dispatch/middleware/templates/rescues/_trace.erb (15.5ms)
  Rendered /home/move/.rvm/gems/ruby-1.9.3-p194@move/gems/actionpack-3.2.5/lib/action_dispatch/middleware/templates/rescues/_request_and_response.erb (7.3ms)
  Rendered /home/move/.rvm/gems/ruby-1.9.3-p194@move/gems/actionpack-3.2.5/lib/action_dispatch/middleware/templates/rescues/diagnostics.erb within rescues/layout (59.0ms)


Started POST "/listing_queries/create" for 127.0.0.1 at 2013-01-02 11:28:35 -0800
Processing by ListingQueriesController#create as JSON
  Parameters: {"query"=>[{"address"=>["text", ["7009 F"]]}, {"field1"=>["string", ["field1"]]}], "resource_type"=>"listing", "query_id"=>"memberID1-q3", "listing_query"=>{"query"=>[{"address"=>["text", ["7009 F"]]}, {"field1"=>["string", ["field1"]]}], "resource_type"=>"listing", "query_id"=>"memberID1-q3", "format"=>"json", "action"=>"create", "controller"=>"listing_queries"}}
WARNING: Can't verify CSRF token authenticity
Completed 200 OK in 93ms (Views: 1.3ms)


Started POST "/listings/find" for 127.0.0.1 at 2013-01-02 11:32:21 -0800
Processing by ListingsController#find as JSON
  Parameters: {"listing"=>{"id"=>"listing_id3", "resource_type"=>"listing", "beds"=>3, "baths"=>2, "zip"=>"38125", "price"=>140000, "address"=>"7009 Fellsway Cove", "field1"=>"field1"}}
WARNING: Can't verify CSRF token authenticity
Completed 200 OK in 49ms (Views: 2.1ms)


Started POST "/listings/find" for 127.0.0.1 at 2013-01-02 12:03:36 -0800
Processing by ListingsController#find as JSON
  Parameters: {"listing"=>{"id"=>"listing_id3", "resource_type"=>"listing", "beds"=>3, "baths"=>2, "zip"=>"38125", "price"=>140000, "address"=>"7009 Fellsway Cove", "field1"=>"field1"}}
WARNING: Can't verify CSRF token authenticity
Completed 200 OK in 48ms (Views: 2.7ms)


Started POST "/listing_queries/create" for 127.0.0.1 at 2013-01-02 12:12:23 -0800
Processing by ListingQueriesController#create as JSON
  Parameters: {"query"=>[{"field1"=>["string", ["field1"]]}], "resource_type"=>"listing", "query_id"=>"memberID1-q4", "listing_query"=>{"query"=>[{"field1"=>["string", ["field1"]]}], "resource_type"=>"listing", "query_id"=>"memberID1-q4", "format"=>"json", "action"=>"create", "controller"=>"listing_queries"}}
WARNING: Can't verify CSRF token authenticity
Completed 200 OK in 95ms (Views: 1.2ms)


Started POST "/listings/find" for 127.0.0.1 at 2013-01-02 12:13:04 -0800
Processing by ListingsController#find as JSON
  Parameters: {"listing"=>{"id"=>"listing_id3", "resource_type"=>"listing", "beds"=>3, "baths"=>2, "zip"=>"38125", "price"=>140000, "address"=>"7009 Fellsway Cove", "field1"=>"field1"}}
WARNING: Can't verify CSRF token authenticity
Completed 200 OK in 53ms (Views: 4.6ms)


Started POST "/listing_queries/create" for 127.0.0.1 at 2013-01-02 12:17:10 -0800
Error occurred while parsing request parameters.
Contents:



MultiJson::DecodeError (399: unexpected token at '],
                 "resource_type": "listing",
                 "query_id": "memberID1-q5"
               }'):
  json (1.7.6) lib/json/common.rb:155:in `parse'
  json (1.7.6) lib/json/common.rb:155:in `parse'
  multi_json (1.5.0) lib/multi_json/adapters/json_common.rb:7:in `load'
  multi_json (1.5.0) lib/multi_json.rb:96:in `load'
  activesupport (3.2.5) lib/active_support/json/decoding.rb:15:in `decode'
  actionpack (3.2.5) lib/action_dispatch/middleware/params_parser.rb:47:in `parse_formatted_parameters'
  actionpack (3.2.5) lib/action_dispatch/middleware/params_parser.rb:17:in `call'
  actionpack (3.2.5) lib/action_dispatch/middleware/flash.rb:238:in `call'
  rack (1.4.1) lib/rack/session/abstract/id.rb:205:in `context'
  rack (1.4.1) lib/rack/session/abstract/id.rb:200:in `call'
  actionpack (3.2.5) lib/action_dispatch/middleware/cookies.rb:338:in `call'
  actionpack (3.2.5) lib/action_dispatch/middleware/callbacks.rb:28:in `block in call'
  activesupport (3.2.5) lib/active_support/callbacks.rb:405:in `_run__2839531428168716394__call__4263888845269875425__callbacks'
  activesupport (3.2.5) lib/active_support/callbacks.rb:405:in `__run_callback'
  activesupport (3.2.5) lib/active_support/callbacks.rb:385:in `_run_call_callbacks'
  activesupport (3.2.5) lib/active_support/callbacks.rb:81:in `run_callbacks'
  actionpack (3.2.5) lib/action_dispatch/middleware/callbacks.rb:27:in `call'
  actionpack (3.2.5) lib/action_dispatch/middleware/reloader.rb:65:in `call'
  actionpack (3.2.5) lib/action_dispatch/middleware/remote_ip.rb:31:in `call'
  actionpack (3.2.5) lib/action_dispatch/middleware/debug_exceptions.rb:16:in `call'
  actionpack (3.2.5) lib/action_dispatch/middleware/show_exceptions.rb:56:in `call'
  railties (3.2.5) lib/rails/rack/logger.rb:26:in `call_app'
  railties (3.2.5) lib/rails/rack/logger.rb:16:in `call'
  actionpack (3.2.5) lib/action_dispatch/middleware/request_id.rb:22:in `call'
  rack (1.4.1) lib/rack/methodoverride.rb:21:in `call'
  rack (1.4.1) lib/rack/runtime.rb:17:in `call'
  activesupport (3.2.5) lib/active_support/cache/strategy/local_cache.rb:72:in `call'
  rack (1.4.1) lib/rack/lock.rb:15:in `call'
  actionpack (3.2.5) lib/action_dispatch/middleware/static.rb:62:in `call'
  railties (3.2.5) lib/rails/engine.rb:479:in `call'
  railties (3.2.5) lib/rails/application.rb:220:in `call'
  rack (1.4.1) lib/rack/content_length.rb:14:in `call'
  railties (3.2.5) lib/rails/rack/log_tailer.rb:17:in `call'
  thin (1.5.0) lib/thin/connection.rb:81:in `block in pre_process'
  thin (1.5.0) lib/thin/connection.rb:79:in `catch'
  thin (1.5.0) lib/thin/connection.rb:79:in `pre_process'
  thin (1.5.0) lib/thin/connection.rb:54:in `process'
  thin (1.5.0) lib/thin/connection.rb:39:in `receive_data'
  eventmachine (1.0.0) lib/eventmachine.rb:187:in `run_machine'
  eventmachine (1.0.0) lib/eventmachine.rb:187:in `run'
  thin (1.5.0) lib/thin/backends/base.rb:63:in `start'
  thin (1.5.0) lib/thin/server.rb:159:in `start'
  rack (1.4.1) lib/rack/handler/thin.rb:13:in `run'
  rack (1.4.1) lib/rack/server.rb:265:in `start'
  railties (3.2.5) lib/rails/commands/server.rb:70:in `start'
  railties (3.2.5) lib/rails/commands.rb:55:in `block in <top (required)>'
  railties (3.2.5) lib/rails/commands.rb:50:in `tap'
  railties (3.2.5) lib/rails/commands.rb:50:in `<top (required)>'
  script/rails:6:in `require'
  script/rails:6:in `<main>'


  Rendered /home/move/.rvm/gems/ruby-1.9.3-p194@move/gems/actionpack-3.2.5/lib/action_dispatch/middleware/templates/rescues/_trace.erb (202.9ms)
  Rendered /home/move/.rvm/gems/ruby-1.9.3-p194@move/gems/actionpack-3.2.5/lib/action_dispatch/middleware/templates/rescues/_request_and_response.erb (8.5ms)
  Rendered /home/move/.rvm/gems/ruby-1.9.3-p194@move/gems/actionpack-3.2.5/lib/action_dispatch/middleware/templates/rescues/diagnostics.erb within rescues/layout (255.8ms)


Started POST "/listing_queries/create" for 127.0.0.1 at 2013-01-02 12:19:29 -0800
Processing by ListingQueriesController#create as JSON
  Parameters: {"query"=>[{"beds"=>["long", [1, 4]]}, {"baths"=>["long", [1, 3]]}, {"location"=>["geopoint", [40, -70, "120km"]]}], "resource_type"=>"listing", "query_id"=>"memberID1-q5", "listing_query"=>{"query"=>[{"beds"=>["long", [1, 4]]}, {"baths"=>["long", [1, 3]]}, {"location"=>["geopoint", [40, -70, "120km"]]}], "resource_type"=>"listing", "query_id"=>"memberID1-q5", "format"=>"json", "action"=>"create", "controller"=>"listing_queries"}}
WARNING: Can't verify CSRF token authenticity
Completed 200 OK in 106ms (Views: 1.3ms)


Started POST "/listings/find" for 127.0.0.1 at 2013-01-02 12:20:21 -0800
Processing by ListingsController#find as JSON
  Parameters: {"listing"=>{"id"=>"listing_id1", "resource_type"=>"listing", "address"=>"7009 Fellsway Cove", "beds"=>3, "baths"=>2, "zip"=>"38125", "location"=>{"lat"=>40.12, "lon"=>-71.34}, "price"=>140000, "comment"=>"this is a comment"}}
WARNING: Can't verify CSRF token authenticity
Completed 200 OK in 59ms (Views: 1.6ms)


Started POST "/listings/find" for 127.0.0.1 at 2013-01-02 12:20:55 -0800
Processing by ListingsController#find as JSON
  Parameters: {"listing"=>{"id"=>"listing_id1", "resource_type"=>"listing", "address"=>"7009 Fellsway Cove", "beds"=>3, "baths"=>2, "zip"=>"38125", "price"=>140000, "comment"=>"this is a comment"}}
WARNING: Can't verify CSRF token authenticity
Completed 200 OK in 47ms (Views: 2.3ms)


Started POST "/listing_queries/create" for 127.0.0.1 at 2013-01-02 12:24:11 -0800
Processing by ListingQueriesController#create as JSON
  Parameters: {"query"=>[{"comments"=>["text", ["Awesome house"]]}], "resource_type"=>"listing", "query_id"=>"memberID1-q6", "listing_query"=>{"query"=>[{"comments"=>["text", ["Awesome house"]]}], "resource_type"=>"listing", "query_id"=>"memberID1-q6", "format"=>"json", "action"=>"create", "controller"=>"listing_queries"}}
WARNING: Can't verify CSRF token authenticity
Completed 200 OK in 126ms (Views: 1.3ms)


Started POST "/listings/find" for 127.0.0.1 at 2013-01-02 12:24:47 -0800
Processing by ListingsController#find as JSON
  Parameters: {"listing"=>{"id"=>"listing_id3", "resource_type"=>"listing", "beds"=>3, "baths"=>2, "zip"=>"38125", "price"=>140000, "address"=>"7009 Fellsway Cove", "field1"=>"field1"}}
WARNING: Can't verify CSRF token authenticity
Completed 200 OK in 45ms (Views: 2.6ms)


Started POST "/listings/find" for 127.0.0.1 at 2013-01-02 12:26:03 -0800
Processing by ListingsController#find as JSON
  Parameters: {"listing"=>{"id"=>"listing_id3", "resource_type"=>"listing", "beds"=>3, "baths"=>2, "zip"=>"38125", "price"=>140000, "address"=>"7009 Fellsway Cove", "comments"=>"awesome house"}}
WARNING: Can't verify CSRF token authenticity
Completed 200 OK in 45ms (Views: 2.2ms)


Started POST "/listings/find" for 127.0.0.1 at 2013-01-02 12:26:39 -0800
Processing by ListingsController#find as JSON
  Parameters: {"listing"=>{"id"=>"listing_id3", "resource_type"=>"listing", "beds"=>3, "baths"=>2, "zip"=>"38125", "price"=>140000, "address"=>"7009 Fellsway Cove", "field1"=>"field1"}}
WARNING: Can't verify CSRF token authenticity
Completed 200 OK in 43ms (Views: 3.2ms)


Started POST "/listings/find" for 127.0.0.1 at 2013-01-03 08:05:30 -0800
Processing by ListingsController#find as JSON
  Parameters: {"listing"=>{"id"=>"listing_id1", "resource_type"=>"listing", "address"=>"7009 Fellsway Cove", "beds"=>3, "baths"=>2, "zip"=>"38125", "location"=>{"lat"=>40.12, "lon"=>-71.34}, "price"=>140000, "comment"=>"this is a comment"}}
WARNING: Can't verify CSRF token authenticity
Completed 200 OK in 55ms (Views: 3.8ms)


Started POST "/listings/find" for 127.0.0.1 at 2013-01-03 08:25:15 -0800
Processing by ListingsController#find as JSON
  Parameters: {"listing"=>{"id"=>"listing_id1", "resource_type"=>"listing", "address"=>"7009 Fellsway Cove", "beds"=>3, "baths"=>2, "zip"=>"38125", "location"=>{"lat"=>40.12, "lon"=>-71.34}, "price"=>140000, "comment"=>"this is a comment"}}
WARNING: Can't verify CSRF token authenticity
Completed 200 OK in 61ms (Views: 2.1ms)


Started POST "/listings/find" for 127.0.0.1 at 2013-01-03 08:28:44 -0800
Processing by ListingsController#find as JSON
  Parameters: {"listing"=>{"id"=>"listing_id1", "resource_type"=>"listing", "address"=>"7009 Fellsway Cove", "beds"=>3, "baths"=>2, "zip"=>"38125", "location"=>{"lat"=>40.12, "lon"=>-71.34}, "price"=>140000, "comment"=>"this is a comment"}}
WARNING: Can't verify CSRF token authenticity
Completed 200 OK in 62ms (Views: 2.0ms)


Started POST "/listings/find" for 127.0.0.1 at 2013-01-03 20:51:37 -0800
Processing by ListingsController#find as JSON
  Parameters: {"listing"=>{"listing"=>{"id"=>"listing_id1", "resource_type"=>"listing", "address"=>"7009 Fellsway Cove", "beds"=>3, "baths"=>2, "zip"=>"38125", "location"=>{"lat"=>40.12, "lon"=>-71.34}, "price"=>140000, "comment"=>"this is a comment"}}}
WARNING: Can't verify CSRF token authenticity
Completed 200 OK in 83ms (Views: 1.6ms)


Started POST "/listings/find" for 127.0.0.1 at 2013-01-03 20:57:42 -0800
Processing by ListingsController#find as JSON
  Parameters: {"listing"=>{"listing"=>{"id"=>"listing_id1", "resource_type"=>"listing", "address"=>"7009 Fellsway Cove", "beds"=>3, "baths"=>2, "zip"=>"38125", "location"=>{"lat"=>40.12, "lon"=>-71.34}, "price"=>140000, "comment"=>"this is a comment"}}}
WARNING: Can't verify CSRF token authenticity
Completed 200 OK in 67ms (Views: 2.2ms)


Started POST "/listings/find" for 127.0.0.1 at 2013-01-03 20:58:56 -0800
Error occurred while parsing request parameters.
Contents:



MultiJson::DecodeError (795: unexpected token at '{listing:{id:listing_id1,resource_type:listing,address:7009'):
  json (1.7.6) lib/json/common.rb:155:in `parse'
  json (1.7.6) lib/json/common.rb:155:in `parse'
  multi_json (1.5.0) lib/multi_json/adapters/json_common.rb:7:in `load'
  multi_json (1.5.0) lib/multi_json.rb:96:in `load'
  activesupport (3.2.5) lib/active_support/json/decoding.rb:15:in `decode'
  actionpack (3.2.5) lib/action_dispatch/middleware/params_parser.rb:47:in `parse_formatted_parameters'
  actionpack (3.2.5) lib/action_dispatch/middleware/params_parser.rb:17:in `call'
  actionpack (3.2.5) lib/action_dispatch/middleware/flash.rb:238:in `call'
  rack (1.4.1) lib/rack/session/abstract/id.rb:205:in `context'
  rack (1.4.1) lib/rack/session/abstract/id.rb:200:in `call'
  actionpack (3.2.5) lib/action_dispatch/middleware/cookies.rb:338:in `call'
  actionpack (3.2.5) lib/action_dispatch/middleware/callbacks.rb:28:in `block in call'
  activesupport (3.2.5) lib/active_support/callbacks.rb:405:in `_run__1470542028497791620__call__527206317293113427__callbacks'
  activesupport (3.2.5) lib/active_support/callbacks.rb:405:in `__run_callback'
  activesupport (3.2.5) lib/active_support/callbacks.rb:385:in `_run_call_callbacks'
  activesupport (3.2.5) lib/active_support/callbacks.rb:81:in `run_callbacks'
  actionpack (3.2.5) lib/action_dispatch/middleware/callbacks.rb:27:in `call'
  actionpack (3.2.5) lib/action_dispatch/middleware/reloader.rb:65:in `call'
  actionpack (3.2.5) lib/action_dispatch/middleware/remote_ip.rb:31:in `call'
  actionpack (3.2.5) lib/action_dispatch/middleware/debug_exceptions.rb:16:in `call'
  actionpack (3.2.5) lib/action_dispatch/middleware/show_exceptions.rb:56:in `call'
  railties (3.2.5) lib/rails/rack/logger.rb:26:in `call_app'
  railties (3.2.5) lib/rails/rack/logger.rb:16:in `call'
  actionpack (3.2.5) lib/action_dispatch/middleware/request_id.rb:22:in `call'
  rack (1.4.1) lib/rack/methodoverride.rb:21:in `call'
  rack (1.4.1) lib/rack/runtime.rb:17:in `call'
  activesupport (3.2.5) lib/active_support/cache/strategy/local_cache.rb:72:in `call'
  rack (1.4.1) lib/rack/lock.rb:15:in `call'
  actionpack (3.2.5) lib/action_dispatch/middleware/static.rb:62:in `call'
  railties (3.2.5) lib/rails/engine.rb:479:in `call'
  railties (3.2.5) lib/rails/application.rb:220:in `call'
  rack (1.4.1) lib/rack/content_length.rb:14:in `call'
  railties (3.2.5) lib/rails/rack/log_tailer.rb:17:in `call'
  thin (1.5.0) lib/thin/connection.rb:81:in `block in pre_process'
  thin (1.5.0) lib/thin/connection.rb:79:in `catch'
  thin (1.5.0) lib/thin/connection.rb:79:in `pre_process'
  thin (1.5.0) lib/thin/connection.rb:54:in `process'
  thin (1.5.0) lib/thin/connection.rb:39:in `receive_data'
  eventmachine (1.0.0) lib/eventmachine.rb:187:in `run_machine'
  eventmachine (1.0.0) lib/eventmachine.rb:187:in `run'
  thin (1.5.0) lib/thin/backends/base.rb:63:in `start'
  thin (1.5.0) lib/thin/server.rb:159:in `start'
  rack (1.4.1) lib/rack/handler/thin.rb:13:in `run'
  rack (1.4.1) lib/rack/server.rb:265:in `start'
  railties (3.2.5) lib/rails/commands/server.rb:70:in `start'
  railties (3.2.5) lib/rails/commands.rb:55:in `block in <top (required)>'
  railties (3.2.5) lib/rails/commands.rb:50:in `tap'
  railties (3.2.5) lib/rails/commands.rb:50:in `<top (required)>'
  script/rails:6:in `require'
  script/rails:6:in `<main>'


  Rendered /home/move/.rvm/gems/ruby-1.9.3-p194@move/gems/actionpack-3.2.5/lib/action_dispatch/middleware/templates/rescues/_trace.erb (13.6ms)
  Rendered /home/move/.rvm/gems/ruby-1.9.3-p194@move/gems/actionpack-3.2.5/lib/action_dispatch/middleware/templates/rescues/_request_and_response.erb (5.8ms)
  Rendered /home/move/.rvm/gems/ruby-1.9.3-p194@move/gems/actionpack-3.2.5/lib/action_dispatch/middleware/templates/rescues/diagnostics.erb within rescues/layout (61.5ms)


Started POST "/listings/find" for 127.0.0.1 at 2013-01-03 21:01:13 -0800
Processing by ListingsController#find as JSON
  Parameters: {"listing"=>{"id"=>"listing_id1", "resource_type"=>"listing", "address"=>"7009 Fellsway Cove", "beds"=>3, "baths"=>2, "zip"=>"38125", "location"=>{"lat"=>40.12, "lon"=>-71.34}, "price"=>140000, "comment"=>"this is a comment"}}
WARNING: Can't verify CSRF token authenticity
Completed 200 OK in 48ms (Views: 4.2ms)


Started POST "/listings/find" for 127.0.0.1 at 2013-01-03 21:03:01 -0800
Processing by ListingsController#find as JSON
  Parameters: {"listing"=>{"id"=>"listing_id1", "resource_type"=>"listing", "address"=>"7009 Fellsway Cove", "beds"=>3, "baths"=>2, "zip"=>"38125", "location"=>{"lat"=>40.12, "lon"=>-71.34}, "price"=>140000, "comment"=>"this is a comment"}}
WARNING: Can't verify CSRF token authenticity
Completed 200 OK in 203ms (Views: 1.4ms)


Started POST "/listings/find" for 127.0.0.1 at 2013-01-03 21:10:16 -0800
Processing by ListingsController#find as JSON
  Parameters: {"listing"=>{"id"=>"listing_id1", "resource_type"=>"listing", "address"=>"7009 Fellsway Cove", "beds"=>3, "baths"=>2, "zip"=>"38125", "location"=>{"lat"=>40.12, "lon"=>-71.34}, "price"=>140000, "comment"=>"this is a comment"}}
WARNING: Can't verify CSRF token authenticity
Completed 200 OK in 121ms (Views: 3.2ms)


Started POST "/listings/find" for 127.0.0.1 at 2013-01-05 07:39:50 -0800
Processing by ListingsController#find as JSON
  Parameters: {"listing"=>{"id"=>"listing_id1", "resource_type"=>"listing", "address"=>"7009 Fellsway Cove", "beds"=>3, "baths"=>2, "zip"=>"38125", "location"=>{"lat"=>40.12, "lon"=>-71.34}, "price"=>140000, "comment"=>"this is a comment"}}
WARNING: Can't verify CSRF token authenticity
Completed 200 OK in 70ms (Views: 2.0ms)


Started POST "/listings/find" for 127.0.0.1 at 2013-01-05 07:51:35 -0800
Processing by ListingsController#find as JSON
  Parameters: {"listing"=>{"id"=>"listing_id1", "resource_type"=>"listing", "address"=>"7009 Fellsway Cove", "beds"=>3, "baths"=>2, "zip"=>"38125", "location"=>{"lat"=>40.12, "lon"=>-71.34}, "price"=>140000, "comment"=>"this is a comment"}}
WARNING: Can't verify CSRF token authenticity
Completed 200 OK in 9826ms (Views: 4.5ms)


Started POST "/listings/find" for 127.0.0.1 at 2013-01-05 09:02:31 -0800
Processing by ListingsController#find as JSON
  Parameters: {"listing"=>{"id"=>"listing_id1", "resource_type"=>"listing", "address"=>"7009 Fellsway Cove", "beds"=>3, "baths"=>2, "zip"=>"38125", "location"=>{"lat"=>40.12, "lon"=>-71.34}, "price"=>140000, "comment"=>"this is a comment"}}
WARNING: Can't verify CSRF token authenticity
Completed 200 OK in 11857ms (Views: 3.8ms)


Started POST "/listings/find" for 127.0.0.1 at 2013-01-05 09:18:05 -0800
Processing by ListingsController#find as JSON
  Parameters: {"listing"=>{"id"=>"listing_id1", "resource_type"=>"listing", "address"=>"7009 Fellsway Cove", "beds"=>3, "baths"=>2, "zip"=>"38125", "location"=>{"lat"=>40.12, "lon"=>-71.34}, "price"=>140000, "comment"=>"this is a comment"}}
WARNING: Can't verify CSRF token authenticity
Completed 200 OK in 77ms (Views: 1.4ms)


Started POST "/listings/find" for 127.0.0.1 at 2013-01-05 09:20:04 -0800
Processing by ListingsController#find as JSON
  Parameters: {"listing"=>{"id"=>"listing_id1", "resource_type"=>"listing", "address"=>"7009 Fellsway Cove", "beds"=>3, "baths"=>2, "zip"=>"38125", "location"=>{"lat"=>40.12, "lon"=>-71.34}, "price"=>140000, "comment"=>"this is a comment"}}
WARNING: Can't verify CSRF token authenticity
Completed 200 OK in 61ms (Views: 1.8ms)


Started POST "/listings/find" for 127.0.0.1 at 2013-01-05 09:21:18 -0800
Processing by ListingsController#find as JSON
  Parameters: {"listing"=>{"id"=>"listing_id1", "resource_type"=>"listing", "address"=>"7009 Fellsway Cove", "beds"=>3, "baths"=>2, "zip"=>"38125", "location"=>{"lat"=>40.12, "lon"=>-71.34}, "price"=>140000, "comment"=>"this is a comment"}}
WARNING: Can't verify CSRF token authenticity
Completed 200 OK in 221ms (Views: 2.1ms)


Started POST "/listings/find" for 127.0.0.1 at 2013-01-05 09:21:49 -0800
Processing by ListingsController#find as JSON
  Parameters: {"listing"=>{"id"=>"listing_id1", "resource_type"=>"listing", "address"=>"7009 Fellsway Cove", "beds"=>3, "baths"=>2, "zip"=>"38125", "location"=>{"lat"=>40.12, "lon"=>-71.34}, "price"=>140000, "comment"=>"this is a comment"}}
WARNING: Can't verify CSRF token authenticity
Completed 200 OK in 53ms (Views: 2.5ms)


Started POST "/listing_queries/create" for 127.0.0.1 at 2013-01-05 09:42:54 -0800
Processing by ListingQueriesController#create as JSON
  Parameters: {"listing_query"=>{"query"=>[{"beds"=>["long", [1, 3]]}, {"zip"=>["string", ["38119", "38125"]]}, {"location"=>["geopoint", [40, -70, "120km"]]}, {"price"=>["long", [140000, 200000]]}], "resource_type"=>"listing", "query_id"=>"memberID1-q1"}}
WARNING: Can't verify CSRF token authenticity
Completed 200 OK in 33457ms (Views: 2.4ms)


Started POST "/lqs/create" for 127.0.0.1 at 2013-01-05 10:30:47 -0800
Processing by LqsController#create as JSON
  Parameters: {"listing_query"=>{"query"=>[{"beds"=>["long", [1, 3]]}, {"zip"=>["string", ["38119", "38125"]]}, {"location"=>["geopoint", [40, -70, "120km"]]}, {"price"=>["long", [140000, 200000]]}], "resource_type"=>"listing", "query_id"=>"memberID1-q1"}, "lq"=>{"listing_query"=>{"query"=>[{"beds"=>["long", [1, 3]]}, {"zip"=>["string", ["38119", "38125"]]}, {"location"=>["geopoint", [40, -70, "120km"]]}, {"price"=>["long", [140000, 200000]]}], "resource_type"=>"listing", "query_id"=>"memberID1-q1"}, "format"=>"json", "action"=>"create", "controller"=>"lqs"}}
WARNING: Can't verify CSRF token authenticity
Completed 200 OK in 296ms (Views: 1.3ms)


Started POST "/listings/find" for 127.0.0.1 at 2013-01-05 11:23:53 -0800
Processing by ListingsController#find as JSON
  Parameters: {"listing"=>{"id"=>"listing_id1", "resource_type"=>"listing", "address"=>"7009 Fellsway Cove", "beds"=>3, "baths"=>2, "zip"=>"38125", "location"=>{"lat"=>40.12, "lon"=>-71.34}, "price"=>140000, "comment"=>"this is a comment"}}
WARNING: Can't verify CSRF token authenticity
Completed 200 OK in 66ms (Views: 2.9ms)


Started POST "/listings/find" for 127.0.0.1 at 2013-01-05 11:25:46 -0800
Processing by ListingsController#find as JSON
  Parameters: {"listing"=>{"id"=>"listing_id1", "resource_type"=>"listing", "address"=>"7009 Fellsway Cove", "beds"=>3, "baths"=>2, "zip"=>"38125", "location"=>{"lat"=>40.12, "lon"=>-71.34}, "price"=>140000, "comment"=>"this is a comment"}}
WARNING: Can't verify CSRF token authenticity
Completed 200 OK in 47ms (Views: 2.0ms)


Started POST "/listings/find" for 127.0.0.1 at 2013-01-05 11:29:34 -0800
Processing by ListingsController#find as JSON
  Parameters: {"listing"=>{"id"=>"listing_id1", "resource_type"=>"listing", "address"=>"7009 Fellsway Cove", "beds"=>3, "baths"=>2, "zip"=>"38125", "location"=>{"lat"=>40.12, "lon"=>-71.34}, "price"=>140000, "comment"=>"this is a comment"}}
WARNING: Can't verify CSRF token authenticity
Completed 200 OK in 26ms (Views: 1.9ms)


Started POST "/listings/find" for 127.0.0.1 at 2013-01-05 11:30:08 -0800
Processing by ListingsController#find as JSON
  Parameters: {"listing"=>{"id"=>"listing_id1", "resource_type"=>"listing", "address"=>"7009 Fellsway Cove", "beds"=>3, "baths"=>2, "zip"=>"38125", "location"=>{"lat"=>40.12, "lon"=>-71.34}, "price"=>140000, "comment"=>"this is a comment"}}
WARNING: Can't verify CSRF token authenticity
Completed 200 OK in 30ms (Views: 2.4ms)


Started POST "/listings/find" for 127.0.0.1 at 2013-01-05 11:30:17 -0800
Processing by ListingsController#find as JSON
  Parameters: {"listing"=>{"id"=>"listing_id1", "resource_type"=>"listing", "address"=>"7009 Fellsway Cove", "beds"=>3, "baths"=>2, "zip"=>"38125", "location"=>{"lat"=>40.12, "lon"=>-71.34}, "price"=>140000, "comment"=>"this is a comment"}}
WARNING: Can't verify CSRF token authenticity
Completed 200 OK in 34ms (Views: 3.0ms)


Started POST "/listing_queries/create" for 127.0.0.1 at 2013-01-05 11:34:54 -0800
Processing by ListingQueriesController#create as JSON
  Parameters: {"query"=>[{"beds"=>["long", [1, 3]]}, {"zip"=>["string", ["38119", "38125"]]}, {"location"=>["geopoint", [40, -70, "1200km"]]}, {"price"=>["long", [140000, 200000]]}], "resource_type"=>"listing", "query_id"=>"memberID1-q1", "listing_query"=>{"query"=>[{"beds"=>["long", [1, 3]]}, {"zip"=>["string", ["38119", "38125"]]}, {"location"=>["geopoint", [40, -70, "1200km"]]}, {"price"=>["long", [140000, 200000]]}], "resource_type"=>"listing", "query_id"=>"memberID1-q1", "format"=>"json", "action"=>"create", "controller"=>"listing_queries"}}
WARNING: Can't verify CSRF token authenticity
Completed 200 OK in 610ms (Views: 1.1ms)


Started POST "/listings/find" for 127.0.0.1 at 2013-01-05 11:36:15 -0800
Processing by ListingsController#find as JSON
  Parameters: {"listing"=>{"id"=>"listing_id1", "resource_type"=>"listing", "address"=>"7009 Fellsway Cove", "beds"=>3, "baths"=>2, "zip"=>"38125", "location"=>{"lat"=>40.12, "lon"=>-71.34}, "price"=>140000, "comment"=>"this is a comment"}}
WARNING: Can't verify CSRF token authenticity
Completed 200 OK in 33ms (Views: 1.4ms)


Started POST "/listings/find" for 127.0.0.1 at 2013-01-05 11:38:13 -0800
Processing by ListingsController#find as JSON
  Parameters: {"listing"=>{"id"=>"listing_id1", "resource_type"=>"listing", "address"=>"7009 Fellsway Cove", "beds"=>3, "baths"=>2, "zip"=>"38125", "location"=>{"lat"=>40.12, "lon"=>-71.34}, "price"=>140000, "comment"=>"this is a comment"}}
WARNING: Can't verify CSRF token authenticity
Completed 200 OK in 33ms (Views: 1.6ms)


Started POST "/listings/find" for 127.0.0.1 at 2013-01-05 11:38:17 -0800
Processing by ListingsController#find as JSON
  Parameters: {"listing"=>{"id"=>"listing_id1", "resource_type"=>"listing", "address"=>"7009 Fellsway Cove", "beds"=>3, "baths"=>2, "zip"=>"38125", "location"=>{"lat"=>40.12, "lon"=>-71.34}, "price"=>140000, "comment"=>"this is a comment"}}
WARNING: Can't verify CSRF token authenticity
Completed 200 OK in 30ms (Views: 2.3ms)


Started POST "/listings/find" for 127.0.0.1 at 2013-01-05 11:39:42 -0800
Processing by ListingsController#find as JSON
  Parameters: {"listing"=>{"id"=>"listing_id1", "resource_type"=>"listing", "address"=>"7009 Fellsway Cove", "beds"=>3, "baths"=>2, "zip"=>"38125", "location"=>{"lat"=>40.12, "lon"=>-71.34}, "price"=>140000, "comment"=>"this is a comment"}}
WARNING: Can't verify CSRF token authenticity
Completed 200 OK in 31ms (Views: 1.7ms)


Started POST "/listings/find" for 127.0.0.1 at 2013-01-05 11:43:33 -0800
Processing by ListingsController#find as JSON
  Parameters: {"listing"=>{"id"=>"listing_id1", "resource_type"=>"listing", "address"=>"7009 Fellsway Cove", "beds"=>3, "baths"=>2, "zip"=>"38125", "location"=>{"lat"=>40.12, "lon"=>-71.34}, "price"=>140000, "comment"=>"this is a comment"}}
WARNING: Can't verify CSRF token authenticity
Completed 200 OK in 28ms (Views: 1.7ms)


Started POST "/listing_queries/create" for 127.0.0.1 at 2013-01-05 11:44:21 -0800
Processing by ListingQueriesController#create as JSON
  Parameters: {"query"=>[{"beds"=>["long", [1, 3]]}, {"zip"=>["string", ["38119", "38125"]]}, {"location"=>["geopoint", [40, -70, "1200km"]]}, {"price"=>["long", [140000, 200000]]}], "resource_type"=>"listing", "query_id"=>"memberID1-q1", "listing_query"=>{"query"=>[{"beds"=>["long", [1, 3]]}, {"zip"=>["string", ["38119", "38125"]]}, {"location"=>["geopoint", [40, -70, "1200km"]]}, {"price"=>["long", [140000, 200000]]}], "resource_type"=>"listing", "query_id"=>"memberID1-q1", "format"=>"json", "action"=>"create", "controller"=>"listing_queries"}}
WARNING: Can't verify CSRF token authenticity
Completed 200 OK in 123ms (Views: 1.8ms)


Started POST "/listings/find" for 127.0.0.1 at 2013-01-05 11:44:40 -0800
Processing by ListingsController#find as JSON
  Parameters: {"listing"=>{"id"=>"listing_id1", "resource_type"=>"listing", "address"=>"7009 Fellsway Cove", "beds"=>3, "baths"=>2, "zip"=>"38125", "location"=>{"lat"=>40.12, "lon"=>-71.34}, "price"=>140000, "comment"=>"this is a comment"}}
WARNING: Can't verify CSRF token authenticity
Completed 200 OK in 33ms (Views: 1.7ms)


Started POST "/listings/find" for 127.0.0.1 at 2013-01-05 11:46:10 -0800
Processing by ListingsController#find as JSON
  Parameters: {"listing"=>{"id"=>"listing_id1", "resource_type"=>"listing", "address"=>"7009 Fellsway Cove", "beds"=>3, "baths"=>2, "zip"=>"38125", "location"=>{"lat"=>40.12, "lon"=>-71.34}, "price"=>140000, "comment"=>"this is a comment"}}
WARNING: Can't verify CSRF token authenticity
Completed 200 OK in 237277ms (Views: 4.8ms)


Started POST "/listings/find" for 127.0.0.1 at 2013-01-05 11:56:07 -0800
Processing by ListingsController#find as JSON
  Parameters: {"listing"=>{"id"=>"listing_id1", "resource_type"=>"listing", "address"=>"7009 Fellsway Cove", "beds"=>3, "baths"=>2, "zip"=>"38125", "location"=>{"lat"=>40.12, "lon"=>-71.34}, "price"=>140000, "comment"=>"this is a comment"}}
WARNING: Can't verify CSRF token authenticity
Completed 200 OK in 64721ms (Views: 3.5ms)


Started POST "/listing_queries/create" for 127.0.0.1 at 2013-01-05 12:04:01 -0800
Processing by ListingQueriesController#create as JSON
  Parameters: {"query"=>[{"beds"=>["long", [1, 3]]}, {"zip"=>["string", ["38119", "38125"]]}, {"location"=>["geopoint", [40, -70, "1200km"]]}, {"price"=>["long", [140000, 200000]]}], "resource_type"=>"listing", "query_id"=>"memberID1-q1", "listing_query"=>{"query"=>[{"beds"=>["long", [1, 3]]}, {"zip"=>["string", ["38119", "38125"]]}, {"location"=>["geopoint", [40, -70, "1200km"]]}, {"price"=>["long", [140000, 200000]]}], "resource_type"=>"listing", "query_id"=>"memberID1-q1", "format"=>"json", "action"=>"create", "controller"=>"listing_queries"}}
WARNING: Can't verify CSRF token authenticity
Completed 200 OK in 192ms (Views: 2.1ms)


Started POST "/listing_queries/create" for 127.0.0.1 at 2013-01-05 12:05:11 -0800
Processing by ListingQueriesController#create as JSON
  Parameters: {"query"=>[{"beds"=>["long", [1, 3]]}, {"zip"=>["string", ["38119", "38125"]]}, {"location"=>["geopoint", [40, -70, "1200km"]]}, {"price"=>["long", [140000, 200000]]}], "resource_type"=>"listing", "query_id"=>"memberID1-q1", "listing_query"=>{"query"=>[{"beds"=>["long", [1, 3]]}, {"zip"=>["string", ["38119", "38125"]]}, {"location"=>["geopoint", [40, -70, "1200km"]]}, {"price"=>["long", [140000, 200000]]}], "resource_type"=>"listing", "query_id"=>"memberID1-q1", "format"=>"json", "action"=>"create", "controller"=>"listing_queries"}}
WARNING: Can't verify CSRF token authenticity
Completed 200 OK in 366782ms (Views: 2.5ms)


Started POST "/listings/find" for 127.0.0.1 at 2013-01-05 12:14:13 -0800
Processing by ListingsController#find as JSON
  Parameters: {"listing"=>{"id"=>"listing_id1", "resource_type"=>"listing", "address"=>"7009 Fellsway Cove", "beds"=>3, "baths"=>2, "zip"=>"38125", "location"=>{"lat"=>40.12, "lon"=>-71.34}, "price"=>140000, "comment"=>"this is a comment"}}
WARNING: Can't verify CSRF token authenticity
Completed 200 OK in 262341ms (Views: 2.9ms)


Started POST "/listing_queries/create" for 127.0.0.1 at 2013-01-05 12:20:45 -0800
Processing by ListingQueriesController#create as JSON
  Parameters: {"query"=>[{"beds"=>["long", [1, 3]]}, {"zip"=>["string", ["38119", "38125"]]}, {"location"=>["geopoint", [40, -70, "1200km"]]}, {"price"=>["long", [140000, 200000]]}], "resource_type"=>"listing", "query_id"=>"memberID1-q1", "listing_query"=>{"query"=>[{"beds"=>["long", [1, 3]]}, {"zip"=>["string", ["38119", "38125"]]}, {"location"=>["geopoint", [40, -70, "1200km"]]}, {"price"=>["long", [140000, 200000]]}], "resource_type"=>"listing", "query_id"=>"memberID1-q1", "format"=>"json", "action"=>"create", "controller"=>"listing_queries"}}
WARNING: Can't verify CSRF token authenticity
Completed 200 OK in 5186ms (Views: 3.1ms)


Started POST "/listings/find" for 127.0.0.1 at 2013-01-05 12:22:06 -0800
Processing by ListingsController#find as JSON
  Parameters: {"listing"=>{"id"=>"listing_id1", "resource_type"=>"listing", "address"=>"7009 Fellsway Cove", "beds"=>3, "baths"=>2, "zip"=>"38125", "location"=>{"lat"=>40.12, "lon"=>-71.34}, "price"=>140000, "comment"=>"this is a comment"}}
WARNING: Can't verify CSRF token authenticity
Completed 200 OK in 5584ms (Views: 3.8ms)


Started POST "/listing_queries/create" for 127.0.0.1 at 2013-01-05 12:32:35 -0800
Processing by ListingQueriesController#create as JSON
  Parameters: {"query"=>[{"beds"=>["long", [1, 3]]}, {"zip"=>["string", ["38119", "38125"]]}, {"location"=>["geopoint", [40, -70, "1200km"]]}, {"price"=>["long", [140000, 200000]]}], "resource_type"=>"listing", "query_id"=>"memberID1-q1", "listing_query"=>{"query"=>[{"beds"=>["long", [1, 3]]}, {"zip"=>["string", ["38119", "38125"]]}, {"location"=>["geopoint", [40, -70, "1200km"]]}, {"price"=>["long", [140000, 200000]]}], "resource_type"=>"listing", "query_id"=>"memberID1-q1", "format"=>"json", "action"=>"create", "controller"=>"listing_queries"}}
WARNING: Can't verify CSRF token authenticity
Completed 200 OK in 28943ms (Views: 2.4ms)


Started POST "/listings/find" for 127.0.0.1 at 2013-01-05 12:33:26 -0800
Processing by ListingsController#find as JSON
  Parameters: {"listing"=>{"id"=>"listing_id1", "resource_type"=>"listing", "address"=>"7009 Fellsway Cove", "beds"=>3, "baths"=>2, "zip"=>"38125", "location"=>{"lat"=>40.12, "lon"=>-71.34}, "price"=>140000, "comment"=>"this is a comment"}}
WARNING: Can't verify CSRF token authenticity
Completed 200 OK in 6011ms (Views: 3.3ms)


Started POST "/listings/find" for 127.0.0.1 at 2013-01-05 12:35:00 -0800
Processing by ListingsController#find as JSON
  Parameters: {"listing"=>{"id"=>"listing_id1", "resource_type"=>"listing", "address"=>"7009 Fellsway Cove", "beds"=>3, "baths"=>2, "zip"=>"38125", "location"=>{"lat"=>40.12, "lon"=>-71.34}, "price"=>140000, "comment"=>"this is a comment"}}
WARNING: Can't verify CSRF token authenticity
Completed 200 OK in 90735ms (Views: 3.0ms)


Started POST "/listing_queries/create" for 127.0.0.1 at 2013-01-05 12:36:58 -0800
Processing by ListingQueriesController#create as JSON
  Parameters: {"query"=>[{"beds"=>["long", [1, 3]]}, {"zip"=>["string", ["38119", "38125"]]}, {"location"=>["geopoint", [40, -70, "1200km"]]}, {"price"=>["long", [140000, 200000]]}], "resource_type"=>"listing", "query_id"=>"memberID1-q1", "listing_query"=>{"query"=>[{"beds"=>["long", [1, 3]]}, {"zip"=>["string", ["38119", "38125"]]}, {"location"=>["geopoint", [40, -70, "1200km"]]}, {"price"=>["long", [140000, 200000]]}], "resource_type"=>"listing", "query_id"=>"memberID1-q1", "format"=>"json", "action"=>"create", "controller"=>"listing_queries"}}
WARNING: Can't verify CSRF token authenticity
Completed 200 OK in 8254ms (Views: 1.9ms)


Started POST "/listings/find" for 127.0.0.1 at 2013-01-05 12:37:35 -0800
Processing by ListingsController#find as JSON
  Parameters: {"listing"=>{"id"=>"listing_id1", "resource_type"=>"listing", "address"=>"7009 Fellsway Cove", "beds"=>3, "baths"=>2, "zip"=>"38125", "location"=>{"lat"=>40.12, "lon"=>-71.34}, "price"=>140000, "comment"=>"this is a comment"}}
WARNING: Can't verify CSRF token authenticity
Completed 200 OK in 11408ms (Views: 3.3ms)


Started POST "/listings/find" for 127.0.0.1 at 2013-01-05 12:40:00 -0800
Processing by ListingsController#find as JSON
  Parameters: {"listing"=>{"id"=>"listing_id1", "resource_type"=>"listing", "address"=>"7009 Fellsway Cove", "beds"=>3, "baths"=>2, "zip"=>"38125", "location"=>{"lat"=>40.12, "lon"=>-71.34}, "price"=>140000, "comment"=>"this is a comment"}}
WARNING: Can't verify CSRF token authenticity
Completed 200 OK in 27518ms (Views: 3.6ms)


Started POST "/listing_queries/create" for 127.0.0.1 at 2013-01-05 12:41:21 -0800
Processing by ListingQueriesController#create as JSON
  Parameters: {"query"=>[{"beds"=>["long", [1, 3]]}, {"zip"=>["string", ["38119", "38125"]]}, {"location"=>["geopoint", [40, -70, "1200km"]]}, {"price"=>["long", [140000, 200000]]}], "resource_type"=>"listing", "query_id"=>"memberID1-q1", "listing_query"=>{"query"=>[{"beds"=>["long", [1, 3]]}, {"zip"=>["string", ["38119", "38125"]]}, {"location"=>["geopoint", [40, -70, "1200km"]]}, {"price"=>["long", [140000, 200000]]}], "resource_type"=>"listing", "query_id"=>"memberID1-q1", "format"=>"json", "action"=>"create", "controller"=>"listing_queries"}}
WARNING: Can't verify CSRF token authenticity
Completed 200 OK in 11150ms (Views: 2.2ms)


Started POST "/listings/find" for 127.0.0.1 at 2013-01-05 12:42:22 -0800
Processing by ListingsController#find as JSON
  Parameters: {"listing"=>{"id"=>"listing_id1", "resource_type"=>"listing", "address"=>"7009 Fellsway Cove", "beds"=>3, "baths"=>2, "zip"=>"38125", "location"=>{"lat"=>40.12, "lon"=>-71.34}, "price"=>140000, "comment"=>"this is a comment"}}
WARNING: Can't verify CSRF token authenticity
Completed 200 OK in 63037ms (Views: 3.8ms)


Started POST "/listing_queries/create" for 127.0.0.1 at 2013-01-05 12:46:52 -0800
Processing by ListingQueriesController#create as JSON
  Parameters: {"query"=>[{"beds"=>["long", [1, 3]]}, {"zip"=>["string", ["38119", "38125"]]}, {"location"=>["geopoint", [40, -70, "1200km"]]}, {"price"=>["long", [140000, 200000]]}], "resource_type"=>"listing", "query_id"=>"memberID1-q1", "listing_query"=>{"query"=>[{"beds"=>["long", [1, 3]]}, {"zip"=>["string", ["38119", "38125"]]}, {"location"=>["geopoint", [40, -70, "1200km"]]}, {"price"=>["long", [140000, 200000]]}], "resource_type"=>"listing", "query_id"=>"memberID1-q1", "format"=>"json", "action"=>"create", "controller"=>"listing_queries"}}
WARNING: Can't verify CSRF token authenticity
Completed 500 Internal Server Error in 11784ms

NameError (uninitialized class variable @@listing_idx in ListingQuery):
  app/models/listing_query.rb:56:in `register_query'
  app/controllers/listing_queries_controller.rb:9:in `create'


  Rendered /home/move/.rvm/gems/ruby-1.9.3-p194@move/gems/actionpack-3.2.5/lib/action_dispatch/middleware/templates/rescues/_trace.erb (22.8ms)
  Rendered /home/move/.rvm/gems/ruby-1.9.3-p194@move/gems/actionpack-3.2.5/lib/action_dispatch/middleware/templates/rescues/_request_and_response.erb (15.8ms)
  Rendered /home/move/.rvm/gems/ruby-1.9.3-p194@move/gems/actionpack-3.2.5/lib/action_dispatch/middleware/templates/rescues/diagnostics.erb within rescues/layout (253.8ms)


Started POST "/listing_queries/create" for 127.0.0.1 at 2013-01-05 12:50:50 -0800
Processing by ListingQueriesController#create as JSON
  Parameters: {"query"=>[{"beds"=>["long", [1, 3]]}, {"zip"=>["string", ["38119", "38125"]]}, {"location"=>["geopoint", [40, -70, "1200km"]]}, {"price"=>["long", [140000, 200000]]}], "resource_type"=>"listing", "query_id"=>"memberID1-q1", "listing_query"=>{"query"=>[{"beds"=>["long", [1, 3]]}, {"zip"=>["string", ["38119", "38125"]]}, {"location"=>["geopoint", [40, -70, "1200km"]]}, {"price"=>["long", [140000, 200000]]}], "resource_type"=>"listing", "query_id"=>"memberID1-q1", "format"=>"json", "action"=>"create", "controller"=>"listing_queries"}}
WARNING: Can't verify CSRF token authenticity
Completed 500 Internal Server Error in 7259ms

NoMethodError (undefined method `listing_index' for #<ListingQuery:0x0000000585a5c0 @attributes={}>):
  app/models/listing_query.rb:57:in `register_query'
  app/controllers/listing_queries_controller.rb:9:in `create'


  Rendered /home/move/.rvm/gems/ruby-1.9.3-p194@move/gems/actionpack-3.2.5/lib/action_dispatch/middleware/templates/rescues/_trace.erb (28.8ms)
  Rendered /home/move/.rvm/gems/ruby-1.9.3-p194@move/gems/actionpack-3.2.5/lib/action_dispatch/middleware/templates/rescues/_request_and_response.erb (19.7ms)
  Rendered /home/move/.rvm/gems/ruby-1.9.3-p194@move/gems/actionpack-3.2.5/lib/action_dispatch/middleware/templates/rescues/diagnostics.erb within rescues/layout (123.9ms)


Started POST "/listing_queries/create" for 127.0.0.1 at 2013-01-05 12:52:28 -0800
Processing by ListingQueriesController#create as JSON
  Parameters: {"query"=>[{"beds"=>["long", [1, 3]]}, {"zip"=>["string", ["38119", "38125"]]}, {"location"=>["geopoint", [40, -70, "1200km"]]}, {"price"=>["long", [140000, 200000]]}], "resource_type"=>"listing", "query_id"=>"memberID1-q1", "listing_query"=>{"query"=>[{"beds"=>["long", [1, 3]]}, {"zip"=>["string", ["38119", "38125"]]}, {"location"=>["geopoint", [40, -70, "1200km"]]}, {"price"=>["long", [140000, 200000]]}], "resource_type"=>"listing", "query_id"=>"memberID1-q1", "format"=>"json", "action"=>"create", "controller"=>"listing_queries"}}
WARNING: Can't verify CSRF token authenticity
Completed 500 Internal Server Error in 31886ms

NameError (uninitialized class variable @@listing_idx in ListingQuery):
  app/models/listing_query.rb:36:in `listing_index'
  app/models/listing_query.rb:57:in `register_query'
  app/controllers/listing_queries_controller.rb:9:in `create'


  Rendered /home/move/.rvm/gems/ruby-1.9.3-p194@move/gems/actionpack-3.2.5/lib/action_dispatch/middleware/templates/rescues/_trace.erb (27.7ms)
  Rendered /home/move/.rvm/gems/ruby-1.9.3-p194@move/gems/actionpack-3.2.5/lib/action_dispatch/middleware/templates/rescues/_request_and_response.erb (17.3ms)
  Rendered /home/move/.rvm/gems/ruby-1.9.3-p194@move/gems/actionpack-3.2.5/lib/action_dispatch/middleware/templates/rescues/diagnostics.erb within rescues/layout (111.8ms)


Started POST "/listing_queries/create" for 127.0.0.1 at 2013-01-05 12:53:21 -0800
Processing by ListingQueriesController#create as JSON
  Parameters: {"query"=>[{"beds"=>["long", [1, 3]]}, {"zip"=>["string", ["38119", "38125"]]}, {"location"=>["geopoint", [40, -70, "1200km"]]}, {"price"=>["long", [140000, 200000]]}], "resource_type"=>"listing", "query_id"=>"memberID1-q1", "listing_query"=>{"query"=>[{"beds"=>["long", [1, 3]]}, {"zip"=>["string", ["38119", "38125"]]}, {"location"=>["geopoint", [40, -70, "1200km"]]}, {"price"=>["long", [140000, 200000]]}], "resource_type"=>"listing", "query_id"=>"memberID1-q1", "format"=>"json", "action"=>"create", "controller"=>"listing_queries"}}
WARNING: Can't verify CSRF token authenticity
Completed 500 Internal Server Error in 68390ms

NameError (uninitialized class variable @@listing_idx in ListingQuery):
  app/models/listing_query.rb:36:in `listing_index'
  app/models/listing_query.rb:57:in `register_query'
  app/controllers/listing_queries_controller.rb:9:in `create'


  Rendered /home/move/.rvm/gems/ruby-1.9.3-p194@move/gems/actionpack-3.2.5/lib/action_dispatch/middleware/templates/rescues/_trace.erb (37.9ms)
  Rendered /home/move/.rvm/gems/ruby-1.9.3-p194@move/gems/actionpack-3.2.5/lib/action_dispatch/middleware/templates/rescues/_request_and_response.erb (19.5ms)
  Rendered /home/move/.rvm/gems/ruby-1.9.3-p194@move/gems/actionpack-3.2.5/lib/action_dispatch/middleware/templates/rescues/diagnostics.erb within rescues/layout (108.1ms)


Started POST "/listing_queries/create" for 127.0.0.1 at 2013-01-05 12:56:53 -0800
Processing by ListingQueriesController#create as JSON
  Parameters: {"query"=>[{"beds"=>["long", [1, 3]]}, {"zip"=>["string", ["38119", "38125"]]}, {"location"=>["geopoint", [40, -70, "1200km"]]}, {"price"=>["long", [140000, 200000]]}], "resource_type"=>"listing", "query_id"=>"memberID1-q1", "listing_query"=>{"query"=>[{"beds"=>["long", [1, 3]]}, {"zip"=>["string", ["38119", "38125"]]}, {"location"=>["geopoint", [40, -70, "1200km"]]}, {"price"=>["long", [140000, 200000]]}], "resource_type"=>"listing", "query_id"=>"memberID1-q1", "format"=>"json", "action"=>"create", "controller"=>"listing_queries"}}
WARNING: Can't verify CSRF token authenticity
Completed 500 Internal Server Error in 80685ms

NameError (uninitialized class variable @@listing_idx in ListingQuery):
  app/models/listing_query.rb:36:in `listing_index'
  app/models/listing_query.rb:57:in `register_query'
  app/controllers/listing_queries_controller.rb:9:in `create'


  Rendered /home/move/.rvm/gems/ruby-1.9.3-p194@move/gems/actionpack-3.2.5/lib/action_dispatch/middleware/templates/rescues/_trace.erb (30.8ms)
  Rendered /home/move/.rvm/gems/ruby-1.9.3-p194@move/gems/actionpack-3.2.5/lib/action_dispatch/middleware/templates/rescues/_request_and_response.erb (15.2ms)
  Rendered /home/move/.rvm/gems/ruby-1.9.3-p194@move/gems/actionpack-3.2.5/lib/action_dispatch/middleware/templates/rescues/diagnostics.erb within rescues/layout (114.1ms)


Started POST "/listing_queries/create" for 127.0.0.1 at 2013-01-05 13:19:16 -0800
Processing by ListingQueriesController#create as JSON
  Parameters: {"query"=>[{"beds"=>["long", [1, 3]]}, {"zip"=>["string", ["38119", "38125"]]}, {"location"=>["geopoint", [40, -70, "1200km"]]}, {"price"=>["long", [140000, 200000]]}], "resource_type"=>"listing", "query_id"=>"memberID1-q1", "listing_query"=>{"query"=>[{"beds"=>["long", [1, 3]]}, {"zip"=>["string", ["38119", "38125"]]}, {"location"=>["geopoint", [40, -70, "1200km"]]}, {"price"=>["long", [140000, 200000]]}], "resource_type"=>"listing", "query_id"=>"memberID1-q1", "format"=>"json", "action"=>"create", "controller"=>"listing_queries"}}
WARNING: Can't verify CSRF token authenticity
Completed 200 OK in 62733ms (Views: 2.4ms)


Started POST "/listings/find" for 127.0.0.1 at 2013-01-05 13:26:56 -0800
Processing by ListingsController#find as JSON
  Parameters: {"listing"=>{"id"=>"listing_id1", "resource_type"=>"listing", "address"=>"7009 Fellsway Cove", "beds"=>3, "baths"=>2, "zip"=>"38125", "location"=>{"lat"=>40.12, "lon"=>-71.34}, "price"=>140000, "comment"=>"this is a comment"}}
WARNING: Can't verify CSRF token authenticity
Completed 200 OK in 77727ms (Views: 3.0ms)


Started POST "/listings/find" for 127.0.0.1 at 2013-01-05 13:38:11 -0800
Processing by ListingsController#find as JSON
  Parameters: {"listing"=>{"id"=>"listing_id1", "resource_type"=>"listing", "address"=>"7009 Fellsway Cove", "beds"=>3, "baths"=>2, "zip"=>"38125", "location"=>{"lat"=>40.12, "lon"=>-71.34}, "price"=>140000, "comment"=>"this is a comment"}}
WARNING: Can't verify CSRF token authenticity
Completed 500 Internal Server Error in 28531ms

NameError (uninitialized class variable @@listing_idx in ListingQuery):
  app/models/listing_query.rb:36:in `listing_index'
  app/models/listing.rb:25:in `percolate_queries'
  app/controllers/listings_controller.rb:6:in `find'


  Rendered /home/move/.rvm/gems/ruby-1.9.3-p194@move/gems/actionpack-3.2.5/lib/action_dispatch/middleware/templates/rescues/_trace.erb (26.3ms)
  Rendered /home/move/.rvm/gems/ruby-1.9.3-p194@move/gems/actionpack-3.2.5/lib/action_dispatch/middleware/templates/rescues/_request_and_response.erb (17.7ms)
  Rendered /home/move/.rvm/gems/ruby-1.9.3-p194@move/gems/actionpack-3.2.5/lib/action_dispatch/middleware/templates/rescues/diagnostics.erb within rescues/layout (109.1ms)


Started POST "/listings/find" for 127.0.0.1 at 2013-01-05 13:39:39 -0800
Processing by ListingsController#find as JSON
  Parameters: {"listing"=>{"id"=>"listing_id1", "resource_type"=>"listing", "address"=>"7009 Fellsway Cove", "beds"=>3, "baths"=>2, "zip"=>"38125", "location"=>{"lat"=>40.12, "lon"=>-71.34}, "price"=>140000, "comment"=>"this is a comment"}}
WARNING: Can't verify CSRF token authenticity
Completed 500 Internal Server Error in 31867ms

NameError (uninitialized class variable @@listing_idx in ListingQuery):
  app/models/listing_query.rb:36:in `listing_index'
  app/models/listing.rb:25:in `percolate_queries'
  app/controllers/listings_controller.rb:6:in `find'


  Rendered /home/move/.rvm/gems/ruby-1.9.3-p194@move/gems/actionpack-3.2.5/lib/action_dispatch/middleware/templates/rescues/_trace.erb (28.1ms)
  Rendered /home/move/.rvm/gems/ruby-1.9.3-p194@move/gems/actionpack-3.2.5/lib/action_dispatch/middleware/templates/rescues/_request_and_response.erb (15.5ms)
  Rendered /home/move/.rvm/gems/ruby-1.9.3-p194@move/gems/actionpack-3.2.5/lib/action_dispatch/middleware/templates/rescues/diagnostics.erb within rescues/layout (80.4ms)


Started POST "/listings/find" for 127.0.0.1 at 2013-01-05 13:40:34 -0800
Processing by ListingsController#find as JSON
  Parameters: {"listing"=>{"id"=>"listing_id1", "resource_type"=>"listing", "address"=>"7009 Fellsway Cove", "beds"=>3, "baths"=>2, "zip"=>"38125", "location"=>{"lat"=>40.12, "lon"=>-71.34}, "price"=>140000, "comment"=>"this is a comment"}}
WARNING: Can't verify CSRF token authenticity
Completed 500 Internal Server Error in 22ms

NameError (uninitialized class variable @@listing_idx in ListingQuery):
  app/models/listing_query.rb:36:in `listing_index'
  app/models/listing.rb:25:in `percolate_queries'
  app/controllers/listings_controller.rb:6:in `find'


  Rendered /home/move/.rvm/gems/ruby-1.9.3-p194@move/gems/actionpack-3.2.5/lib/action_dispatch/middleware/templates/rescues/_trace.erb (34.6ms)
  Rendered /home/move/.rvm/gems/ruby-1.9.3-p194@move/gems/actionpack-3.2.5/lib/action_dispatch/middleware/templates/rescues/_request_and_response.erb (20.8ms)
  Rendered /home/move/.rvm/gems/ruby-1.9.3-p194@move/gems/actionpack-3.2.5/lib/action_dispatch/middleware/templates/rescues/diagnostics.erb within rescues/layout (105.0ms)


Started POST "/listings/find" for 127.0.0.1 at 2013-01-05 13:42:41 -0800
Processing by ListingsController#find as JSON
  Parameters: {"listing"=>{"id"=>"listing_id1", "resource_type"=>"listing", "address"=>"7009 Fellsway Cove", "beds"=>3, "baths"=>2, "zip"=>"38125", "location"=>{"lat"=>40.12, "lon"=>-71.34}, "price"=>140000, "comment"=>"this is a comment"}}
WARNING: Can't verify CSRF token authenticity
Completed 500 Internal Server Error in 125223ms

NameError (`listing_idx' is not allowed as a class variable name):
  app/models/listing_query.rb:36:in `class_variable_defined?'
  app/models/listing_query.rb:36:in `listing_index'
  app/models/listing.rb:25:in `percolate_queries'
  app/controllers/listings_controller.rb:6:in `find'


  Rendered /home/move/.rvm/gems/ruby-1.9.3-p194@move/gems/actionpack-3.2.5/lib/action_dispatch/middleware/templates/rescues/_trace.erb (28.5ms)
  Rendered /home/move/.rvm/gems/ruby-1.9.3-p194@move/gems/actionpack-3.2.5/lib/action_dispatch/middleware/templates/rescues/_request_and_response.erb (15.0ms)
  Rendered /home/move/.rvm/gems/ruby-1.9.3-p194@move/gems/actionpack-3.2.5/lib/action_dispatch/middleware/templates/rescues/diagnostics.erb within rescues/layout (107.5ms)


Started POST "/listings/find" for 127.0.0.1 at 2013-01-05 13:45:59 -0800
Processing by ListingsController#find as JSON
  Parameters: {"listing"=>{"id"=>"listing_id1", "resource_type"=>"listing", "address"=>"7009 Fellsway Cove", "beds"=>3, "baths"=>2, "zip"=>"38125", "location"=>{"lat"=>40.12, "lon"=>-71.34}, "price"=>140000, "comment"=>"this is a comment"}}
WARNING: Can't verify CSRF token authenticity
Completed 200 OK in 69782ms (Views: 2.9ms)


Started POST "/listing_queries/create" for 127.0.0.1 at 2013-01-05 13:47:35 -0800
Processing by ListingQueriesController#create as JSON
  Parameters: {"query"=>[{"beds"=>["long", [1, 3]]}, {"zip"=>["string", ["38119", "38125"]]}, {"location"=>["geopoint", [40, -70, "1200km"]]}, {"price"=>["long", [140000, 200000]]}], "resource_type"=>"listing", "query_id"=>"memberID1-q1", "listing_query"=>{"query"=>[{"beds"=>["long", [1, 3]]}, {"zip"=>["string", ["38119", "38125"]]}, {"location"=>["geopoint", [40, -70, "1200km"]]}, {"price"=>["long", [140000, 200000]]}], "resource_type"=>"listing", "query_id"=>"memberID1-q1", "format"=>"json", "action"=>"create", "controller"=>"listing_queries"}}
WARNING: Can't verify CSRF token authenticity
Completed 200 OK in 63426ms (Views: 2.4ms)


Started POST "/listings/find" for 127.0.0.1 at 2013-01-05 13:49:01 -0800
Processing by ListingsController#find as JSON
  Parameters: {"listing"=>{"id"=>"listing_id1", "resource_type"=>"listing", "address"=>"7009 Fellsway Cove", "beds"=>3, "baths"=>2, "zip"=>"38125", "location"=>{"lat"=>40.12, "lon"=>-71.34}, "price"=>140000, "comment"=>"this is a comment"}}
WARNING: Can't verify CSRF token authenticity
Completed 200 OK in 10713ms (Views: 3.4ms)


Started POST "/listings/find" for 127.0.0.1 at 2013-01-05 13:49:55 -0800
Processing by ListingsController#find as JSON
  Parameters: {"listing"=>{"id"=>"listing_id1", "resource_type"=>"listing", "address"=>"7009 Fellsway Cove", "beds"=>3, "baths"=>2, "zip"=>"38125", "location"=>{"lat"=>40.12, "lon"=>-71.34}, "price"=>240000, "comment"=>"this is a comment"}}
WARNING: Can't verify CSRF token authenticity
Completed 200 OK in 84ms (Views: 2.8ms)


Started POST "/listings/find" for 127.0.0.1 at 2013-01-05 13:50:20 -0800
Processing by ListingsController#find as JSON
  Parameters: {"listing"=>{"id"=>"listing_id1", "resource_type"=>"listing", "address"=>"7009 Fellsway Cove", "beds"=>3, "baths"=>2, "zip"=>"38125", "location"=>{"lat"=>40.12, "lon"=>-71.34}, "price"=>147000, "comment"=>"this is a comment"}}
WARNING: Can't verify CSRF token authenticity
Completed 200 OK in 46149ms (Views: 4.8ms)
